Counting test cases...
32 test cases found

test_cases_per_board: 2, rest: 2
board: 0, index_start: 1, index_end: 3, openocd_port: 6666, openocd_bus_port: 3-1.3.4
board: 1, index_start: 3, index_end: 5, openocd_port: 6667, openocd_bus_port: 3-1.4.3
board: 2, index_start: 5, index_end: 6, openocd_port: 6668, openocd_bus_port: 3-1.2.4
board: 3, index_start: 7, index_end: 8, openocd_port: 6669, openocd_bus_port: 3-1.3.3
board: 4, index_start: 9, index_end: 10, openocd_port: 6670, openocd_bus_port: 3-1.4.2
board: 5, index_start: 11, index_end: 12, openocd_port: 6671, openocd_bus_port: 3-1.1.4
board: 6, index_start: 13, index_end: 14, openocd_port: 6672, openocd_bus_port: 3-1.2.3
board: 7, index_start: 15, index_end: 16, openocd_port: 6673, openocd_bus_port: 3-1.3.2
board: 8, index_start: 17, index_end: 18, openocd_port: 6674, openocd_bus_port: 3-1.4.1
board: 9, index_start: 19, index_end: 20, openocd_port: 6675, openocd_bus_port: 3-1.1.3
board: 10, index_start: 21, index_end: 22, openocd_port: 6676, openocd_bus_port: 3-1.2.2
board: 11, index_start: 23, index_end: 24, openocd_port: 6677, openocd_bus_port: 3-1.3.1
board: 12, index_start: 25, index_end: 26, openocd_port: 6678, openocd_bus_port: 3-1.1.2
board: 13, index_start: 27, index_end: 28, openocd_port: 6679, openocd_bus_port: 3-1.2.1
board: 14, index_start: 29, index_end: 30, openocd_port: 6680, openocd_bus_port: 3-1.1.1

Fuzzing session completed: cor0_register_reserved_first_four_bits_2023-08-31T18-56-55.003248
Runtime: 0:00:00.049395
Test Summary: 2 tests ran.
PASSED: 2 test cases.


Fuzzing session completed: cor0_register_reserved_first_four_bits_2023-08-31T18-56-55.006064
Runtime: 0:00:00.049160
Test Summary: 2 tests ran.
PASSED: 2 test cases.


Fuzzing session completed: cor0_register_reserved_first_four_bits_2023-08-31T18-56-55.008345
Runtime: 0:00:00.045229
Test Summary: 2 tests ran.
PASSED: 2 test cases.


Fuzzing session completed: cor0_register_reserved_first_four_bits_2023-08-31T18-56-55.003521
Runtime: 0:00:00.046242
Test Summary: 2 tests ran.
PASSED: 2 test cases.


Fuzzing session completed: cor0_register_reserved_first_four_bits_2023-08-31T18-56-55.003570
Runtime: 0:00:00.045463
Test Summary: 2 tests ran.
PASSED: 2 test cases.


Fuzzing session completed: cor0_register_reserved_first_four_bits_2023-08-31T18-56-55.003298
Runtime: 0:00:00.044957
Test Summary: 2 tests ran.
PASSED: 2 test cases.


Fuzzing session completed: cor0_register_reserved_first_four_bits_2023-08-31T18-56-55.008126
Runtime: 0:00:00.047135
Test Summary: 2 tests ran.
PASSED: 2 test cases.


Fuzzing session completed: cor0_register_reserved_first_four_bits_2023-08-31T18-56-55.003418
Runtime: 0:00:00.046326
Test Summary: 2 tests ran.
PASSED: 2 test cases.


Fuzzing session completed: cor0_register_reserved_first_four_bits_2023-08-31T18-56-55.007071
Runtime: 0:00:00.044459
Test Summary: 2 tests ran.
PASSED: 2 test cases.


Fuzzing session completed: cor0_register_reserved_first_four_bits_2023-08-31T18-56-55.003256
Runtime: 0:00:00.046888
Test Summary: 2 tests ran.
PASSED: 2 test cases.


Fuzzing session completed: cor0_register_reserved_first_four_bits_2023-08-31T18-56-55.006184
Runtime: 0:00:00.050289
Test Summary: 2 tests ran.
PASSED: 2 test cases.


Fuzzing session completed: cor0_register_reserved_first_four_bits_2023-08-31T18-56-55.006141
Runtime: 0:00:00.048667
Test Summary: 2 tests ran.
PASSED: 2 test cases.


Fuzzing session completed: cor0_register_reserved_first_four_bits_2023-08-31T18-56-55.007690
Runtime: 0:00:00.045458
Test Summary: 2 tests ran.
PASSED: 2 test cases.


Fuzzing session completed: cor0_register_reserved_first_four_bits_2023-08-31T18-56-55.003195
Runtime: 0:00:00.065536
Test Summary: 3 tests ran.
PASSED: 3 test cases.


Fuzzing session completed: cor0_register_reserved_first_four_bits_2023-08-31T18-56-55.003199
Runtime: 0:00:00.068038
Test Summary: 3 tests ran.
PASSED: 3 test cases.


real	0m0,689s
user	0m0,767s
sys	0m0,258s
