Counting test cases...
128 test cases found

test_cases_per_board: 8, rest: 8
board: 0, index_start: 1, index_end: 9, openocd_port: 6666, openocd_bus_port: 3-1.2.1
board: 1, index_start: 9, index_end: 17, openocd_port: 6667, openocd_bus_port: 3-1.3.4
board: 2, index_start: 17, index_end: 25, openocd_port: 6668, openocd_bus_port: 3-1.4.3
board: 3, index_start: 25, index_end: 33, openocd_port: 6669, openocd_bus_port: 3-1.3.3
board: 4, index_start: 33, index_end: 41, openocd_port: 6670, openocd_bus_port: 3-1.4.2
board: 5, index_start: 41, index_end: 49, openocd_port: 6671, openocd_bus_port: 3-1.1.4
board: 6, index_start: 49, index_end: 57, openocd_port: 6672, openocd_bus_port: 3-1.2.4
board: 7, index_start: 57, index_end: 65, openocd_port: 6673, openocd_bus_port: 3-1.3.2
board: 8, index_start: 65, index_end: 72, openocd_port: 6674, openocd_bus_port: 3-1.4.1
board: 9, index_start: 73, index_end: 80, openocd_port: 6675, openocd_bus_port: 3-1.1.3
board: 10, index_start: 81, index_end: 88, openocd_port: 6676, openocd_bus_port: 3-1.2.3
board: 11, index_start: 89, index_end: 96, openocd_port: 6677, openocd_bus_port: 3-1.3.1
board: 12, index_start: 97, index_end: 104, openocd_port: 6678, openocd_bus_port: 3-1.1.2
board: 13, index_start: 105, index_end: 112, openocd_port: 6679, openocd_bus_port: 3-1.2.2
board: 14, index_start: 113, index_end: 120, openocd_port: 6680, openocd_bus_port: 3-1.1.1

Fuzzing session completed: cor1_register_reserved_bits_10_11_set_to_11_2023-09-01T12-35-28.289823
Runtime: 0:00:00.199335
Test Summary: 8 tests ran.
PASSED: 8 test cases.


Fuzzing session completed: cor1_register_reserved_bits_10_11_set_to_11_2023-09-01T12-35-28.289679
Runtime: 0:00:00.199990
Test Summary: 8 tests ran.
PASSED: 8 test cases.


Fuzzing session completed: cor1_register_reserved_bits_10_11_set_to_11_2023-09-01T12-35-28.289630
Runtime: 0:00:00.206659
Test Summary: 8 tests ran.
PASSED: 8 test cases.


Fuzzing session completed: cor1_register_reserved_bits_10_11_set_to_11_2023-09-01T12-35-28.288987
Runtime: 0:00:00.203974
Test Summary: 8 tests ran.
PASSED: 8 test cases.


Fuzzing session completed: cor1_register_reserved_bits_10_11_set_to_11_2023-09-01T12-35-28.288290
Runtime: 0:00:00.206167
Test Summary: 8 tests ran.
PASSED: 8 test cases.


Fuzzing session completed: cor1_register_reserved_bits_10_11_set_to_11_2023-09-01T12-35-28.288182
Runtime: 0:00:00.211920
Test Summary: 8 tests ran.
PASSED: 8 test cases.


Fuzzing session completed: cor1_register_reserved_bits_10_11_set_to_11_2023-09-01T12-35-28.289124
Runtime: 0:00:00.209955
Test Summary: 8 tests ran.
PASSED: 8 test cases.


Fuzzing session completed: cor1_register_reserved_bits_10_11_set_to_11_2023-09-01T12-35-28.285579
Runtime: 0:00:00.231745
Test Summary: 9 tests ran.
PASSED: 9 test cases.


Fuzzing session completed: cor1_register_reserved_bits_10_11_set_to_11_2023-09-01T12-35-28.285702
Runtime: 0:00:00.225960
Test Summary: 9 tests ran.
PASSED: 9 test cases.


Fuzzing session completed: cor1_register_reserved_bits_10_11_set_to_11_2023-09-01T12-35-28.285438
Runtime: 0:00:00.231823
Test Summary: 9 tests ran.
PASSED: 9 test cases.


Fuzzing session completed: cor1_register_reserved_bits_10_11_set_to_11_2023-09-01T12-35-28.285616
Runtime: 0:00:00.223838
Test Summary: 9 tests ran.
PASSED: 9 test cases.


Fuzzing session completed: cor1_register_reserved_bits_10_11_set_to_11_2023-09-01T12-35-28.285460
Runtime: 0:00:00.238730
Test Summary: 9 tests ran.
PASSED: 9 test cases.


Fuzzing session completed: cor1_register_reserved_bits_10_11_set_to_11_2023-09-01T12-35-28.285683
Runtime: 0:00:00.226949
Test Summary: 9 tests ran.
PASSED: 9 test cases.


Fuzzing session completed: cor1_register_reserved_bits_10_11_set_to_11_2023-09-01T12-35-28.285399
Runtime: 0:00:00.227162
Test Summary: 9 tests ran.
PASSED: 9 test cases.


Fuzzing session completed: cor1_register_reserved_bits_10_11_set_to_11_2023-09-01T12-35-28.285504
Runtime: 0:00:00.234475
Test Summary: 9 tests ran.
PASSED: 9 test cases.


real	0m0,874s
user	0m1,166s
sys	0m0,211s
