Counting test cases...
128 test cases found

test_cases_per_board: 8, rest: 8
board: 0, index_start: 1, index_end: 9, openocd_port: 6666, openocd_bus_port: 3-1.2.1
board: 1, index_start: 9, index_end: 17, openocd_port: 6667, openocd_bus_port: 3-1.3.4
board: 2, index_start: 17, index_end: 25, openocd_port: 6668, openocd_bus_port: 3-1.4.3
board: 3, index_start: 25, index_end: 33, openocd_port: 6669, openocd_bus_port: 3-1.3.3
board: 4, index_start: 33, index_end: 41, openocd_port: 6670, openocd_bus_port: 3-1.4.2
board: 5, index_start: 41, index_end: 49, openocd_port: 6671, openocd_bus_port: 3-1.1.4
board: 6, index_start: 49, index_end: 57, openocd_port: 6672, openocd_bus_port: 3-1.2.4
board: 7, index_start: 57, index_end: 65, openocd_port: 6673, openocd_bus_port: 3-1.3.2
board: 8, index_start: 65, index_end: 72, openocd_port: 6674, openocd_bus_port: 3-1.4.1
board: 9, index_start: 73, index_end: 80, openocd_port: 6675, openocd_bus_port: 3-1.1.3
board: 10, index_start: 81, index_end: 88, openocd_port: 6676, openocd_bus_port: 3-1.2.3
board: 11, index_start: 89, index_end: 96, openocd_port: 6677, openocd_bus_port: 3-1.3.1
board: 12, index_start: 97, index_end: 104, openocd_port: 6678, openocd_bus_port: 3-1.1.2
board: 13, index_start: 105, index_end: 112, openocd_port: 6679, openocd_bus_port: 3-1.2.2
board: 14, index_start: 113, index_end: 120, openocd_port: 6680, openocd_bus_port: 3-1.1.1

Fuzzing session completed: cor1_register_reserved_bits_10_11_set_to_10_2023-09-01T12-35-38.134434
Runtime: 0:00:00.221408
Test Summary: 8 tests ran.
PASSED: 8 test cases.
FAILED: 8 test cases:
105: cor1_request:[cor1_request.fuzzed_cor1_value:104]
106: cor1_request:[cor1_request.fuzzed_cor1_value:105]
107: cor1_request:[cor1_request.fuzzed_cor1_value:106]
108: cor1_request:[cor1_request.fuzzed_cor1_value:107]
109: cor1_request:[cor1_request.fuzzed_cor1_value:108]
110: cor1_request:[cor1_request.fuzzed_cor1_value:109]
111: cor1_request:[cor1_request.fuzzed_cor1_value:110]
112: cor1_request:[cor1_request.fuzzed_cor1_value:111]


Fuzzing session completed: cor1_register_reserved_bits_10_11_set_to_10_2023-09-01T12-35-38.133217
Runtime: 0:00:00.230315
Test Summary: 8 tests ran.
PASSED: 8 test cases.
FAILED: 8 test cases:
65: cor1_request:[cor1_request.fuzzed_cor1_value:64]
66: cor1_request:[cor1_request.fuzzed_cor1_value:65]
67: cor1_request:[cor1_request.fuzzed_cor1_value:66]
68: cor1_request:[cor1_request.fuzzed_cor1_value:67]
69: cor1_request:[cor1_request.fuzzed_cor1_value:68]
70: cor1_request:[cor1_request.fuzzed_cor1_value:69]
71: cor1_request:[cor1_request.fuzzed_cor1_value:70]
72: cor1_request:[cor1_request.fuzzed_cor1_value:71]


Fuzzing session completed: cor1_register_reserved_bits_10_11_set_to_10_2023-09-01T12-35-38.133331
Runtime: 0:00:00.220253
Test Summary: 8 tests ran.
PASSED: 8 test cases.
FAILED: 8 test cases:
73: cor1_request:[cor1_request.fuzzed_cor1_value:72]
74: cor1_request:[cor1_request.fuzzed_cor1_value:73]
75: cor1_request:[cor1_request.fuzzed_cor1_value:74]
76: cor1_request:[cor1_request.fuzzed_cor1_value:75]
77: cor1_request:[cor1_request.fuzzed_cor1_value:76]
78: cor1_request:[cor1_request.fuzzed_cor1_value:77]
79: cor1_request:[cor1_request.fuzzed_cor1_value:78]
80: cor1_request:[cor1_request.fuzzed_cor1_value:79]


Fuzzing session completed: cor1_register_reserved_bits_10_11_set_to_10_2023-09-01T12-35-38.135480
Runtime: 0:00:00.226597
Test Summary: 8 tests ran.
PASSED: 8 test cases.
FAILED: 8 test cases:
113: cor1_request:[cor1_request.fuzzed_cor1_value:112]
114: cor1_request:[cor1_request.fuzzed_cor1_value:113]
115: cor1_request:[cor1_request.fuzzed_cor1_value:114]
116: cor1_request:[cor1_request.fuzzed_cor1_value:115]
117: cor1_request:[cor1_request.fuzzed_cor1_value:116]
118: cor1_request:[cor1_request.fuzzed_cor1_value:117]
119: cor1_request:[cor1_request.fuzzed_cor1_value:118]
120: cor1_request:[cor1_request.fuzzed_cor1_value:119]


Fuzzing session completed: cor1_register_reserved_bits_10_11_set_to_10_2023-09-01T12-35-38.133527
Runtime: 0:00:00.226653
Test Summary: 8 tests ran.
PASSED: 8 test cases.
FAILED: 8 test cases:
89: cor1_request:[cor1_request.fuzzed_cor1_value:88]
90: cor1_request:[cor1_request.fuzzed_cor1_value:89]
91: cor1_request:[cor1_request.fuzzed_cor1_value:90]
92: cor1_request:[cor1_request.fuzzed_cor1_value:91]
93: cor1_request:[cor1_request.fuzzed_cor1_value:92]
94: cor1_request:[cor1_request.fuzzed_cor1_value:93]
95: cor1_request:[cor1_request.fuzzed_cor1_value:94]
96: cor1_request:[cor1_request.fuzzed_cor1_value:95]


Fuzzing session completed: cor1_register_reserved_bits_10_11_set_to_10_2023-09-01T12-35-38.133650
Runtime: 0:00:00.223182
Test Summary: 8 tests ran.
PASSED: 8 test cases.
FAILED: 8 test cases:
97: cor1_request:[cor1_request.fuzzed_cor1_value:96]
98: cor1_request:[cor1_request.fuzzed_cor1_value:97]
99: cor1_request:[cor1_request.fuzzed_cor1_value:98]
100: cor1_request:[cor1_request.fuzzed_cor1_value:99]
101: cor1_request:[cor1_request.fuzzed_cor1_value:100]
102: cor1_request:[cor1_request.fuzzed_cor1_value:101]
103: cor1_request:[cor1_request.fuzzed_cor1_value:102]
104: cor1_request:[cor1_request.fuzzed_cor1_value:103]


Fuzzing session completed: cor1_register_reserved_bits_10_11_set_to_10_2023-09-01T12-35-38.130704
Runtime: 0:00:00.247482
Test Summary: 9 tests ran.
PASSED: 9 test cases.
FAILED: 9 test cases:
33: cor1_request:[cor1_request.fuzzed_cor1_value:32]
34: cor1_request:[cor1_request.fuzzed_cor1_value:33]
35: cor1_request:[cor1_request.fuzzed_cor1_value:34]
36: cor1_request:[cor1_request.fuzzed_cor1_value:35]
37: cor1_request:[cor1_request.fuzzed_cor1_value:36]
38: cor1_request:[cor1_request.fuzzed_cor1_value:37]
39: cor1_request:[cor1_request.fuzzed_cor1_value:38]
40: cor1_request:[cor1_request.fuzzed_cor1_value:39]
41: cor1_request:[cor1_request.fuzzed_cor1_value:40]


Fuzzing session completed: cor1_register_reserved_bits_10_11_set_to_10_2023-09-01T12-35-38.133338
Runtime: 0:00:00.226341
Test Summary: 8 tests ran.
PASSED: 8 test cases.
FAILED: 8 test cases:
81: cor1_request:[cor1_request.fuzzed_cor1_value:80]
82: cor1_request:[cor1_request.fuzzed_cor1_value:81]
83: cor1_request:[cor1_request.fuzzed_cor1_value:82]
84: cor1_request:[cor1_request.fuzzed_cor1_value:83]
85: cor1_request:[cor1_request.fuzzed_cor1_value:84]
86: cor1_request:[cor1_request.fuzzed_cor1_value:85]
87: cor1_request:[cor1_request.fuzzed_cor1_value:86]
88: cor1_request:[cor1_request.fuzzed_cor1_value:87]


Fuzzing session completed: cor1_register_reserved_bits_10_11_set_to_10_2023-09-01T12-35-38.130775
Runtime: 0:00:00.243860
Test Summary: 9 tests ran.
PASSED: 9 test cases.
FAILED: 9 test cases:
49: cor1_request:[cor1_request.fuzzed_cor1_value:48]
50: cor1_request:[cor1_request.fuzzed_cor1_value:49]
51: cor1_request:[cor1_request.fuzzed_cor1_value:50]
52: cor1_request:[cor1_request.fuzzed_cor1_value:51]
53: cor1_request:[cor1_request.fuzzed_cor1_value:52]
54: cor1_request:[cor1_request.fuzzed_cor1_value:53]
55: cor1_request:[cor1_request.fuzzed_cor1_value:54]
56: cor1_request:[cor1_request.fuzzed_cor1_value:55]
57: cor1_request:[cor1_request.fuzzed_cor1_value:56]


Fuzzing session completed: cor1_register_reserved_bits_10_11_set_to_10_2023-09-01T12-35-38.130470
Runtime: 0:00:00.245810
Test Summary: 9 tests ran.
PASSED: 9 test cases.
FAILED: 9 test cases:
9: cor1_request:[cor1_request.fuzzed_cor1_value:8]
10: cor1_request:[cor1_request.fuzzed_cor1_value:9]
11: cor1_request:[cor1_request.fuzzed_cor1_value:10]
12: cor1_request:[cor1_request.fuzzed_cor1_value:11]
13: cor1_request:[cor1_request.fuzzed_cor1_value:12]
14: cor1_request:[cor1_request.fuzzed_cor1_value:13]
15: cor1_request:[cor1_request.fuzzed_cor1_value:14]
16: cor1_request:[cor1_request.fuzzed_cor1_value:15]
17: cor1_request:[cor1_request.fuzzed_cor1_value:16]


Fuzzing session completed: cor1_register_reserved_bits_10_11_set_to_10_2023-09-01T12-35-38.134005
Runtime: 0:00:00.250581
Test Summary: 9 tests ran.
PASSED: 9 test cases.
FAILED: 9 test cases:
1: cor1_request:[cor1_request.fuzzed_cor1_value:0]
2: cor1_request:[cor1_request.fuzzed_cor1_value:1]
3: cor1_request:[cor1_request.fuzzed_cor1_value:2]
4: cor1_request:[cor1_request.fuzzed_cor1_value:3]
5: cor1_request:[cor1_request.fuzzed_cor1_value:4]
6: cor1_request:[cor1_request.fuzzed_cor1_value:5]
7: cor1_request:[cor1_request.fuzzed_cor1_value:6]
8: cor1_request:[cor1_request.fuzzed_cor1_value:7]
9: cor1_request:[cor1_request.fuzzed_cor1_value:8]


Fuzzing session completed: cor1_register_reserved_bits_10_11_set_to_10_2023-09-01T12-35-38.130757
Runtime: 0:00:00.248844
Test Summary: 9 tests ran.
PASSED: 9 test cases.
FAILED: 9 test cases:
41: cor1_request:[cor1_request.fuzzed_cor1_value:40]
42: cor1_request:[cor1_request.fuzzed_cor1_value:41]
43: cor1_request:[cor1_request.fuzzed_cor1_value:42]
44: cor1_request:[cor1_request.fuzzed_cor1_value:43]
45: cor1_request:[cor1_request.fuzzed_cor1_value:44]
46: cor1_request:[cor1_request.fuzzed_cor1_value:45]
47: cor1_request:[cor1_request.fuzzed_cor1_value:46]
48: cor1_request:[cor1_request.fuzzed_cor1_value:47]
49: cor1_request:[cor1_request.fuzzed_cor1_value:48]


Fuzzing session completed: cor1_register_reserved_bits_10_11_set_to_10_2023-09-01T12-35-38.130510
Runtime: 0:00:00.251724
Test Summary: 9 tests ran.
PASSED: 9 test cases.
FAILED: 9 test cases:
17: cor1_request:[cor1_request.fuzzed_cor1_value:16]
18: cor1_request:[cor1_request.fuzzed_cor1_value:17]
19: cor1_request:[cor1_request.fuzzed_cor1_value:18]
20: cor1_request:[cor1_request.fuzzed_cor1_value:19]
21: cor1_request:[cor1_request.fuzzed_cor1_value:20]
22: cor1_request:[cor1_request.fuzzed_cor1_value:21]
23: cor1_request:[cor1_request.fuzzed_cor1_value:22]
24: cor1_request:[cor1_request.fuzzed_cor1_value:23]
25: cor1_request:[cor1_request.fuzzed_cor1_value:24]


Fuzzing session completed: cor1_register_reserved_bits_10_11_set_to_10_2023-09-01T12-35-38.130608
Runtime: 0:00:00.250288
Test Summary: 9 tests ran.
PASSED: 9 test cases.
FAILED: 9 test cases:
25: cor1_request:[cor1_request.fuzzed_cor1_value:24]
26: cor1_request:[cor1_request.fuzzed_cor1_value:25]
27: cor1_request:[cor1_request.fuzzed_cor1_value:26]
28: cor1_request:[cor1_request.fuzzed_cor1_value:27]
29: cor1_request:[cor1_request.fuzzed_cor1_value:28]
30: cor1_request:[cor1_request.fuzzed_cor1_value:29]
31: cor1_request:[cor1_request.fuzzed_cor1_value:30]
32: cor1_request:[cor1_request.fuzzed_cor1_value:31]
33: cor1_request:[cor1_request.fuzzed_cor1_value:32]


Fuzzing session completed: cor1_register_reserved_bits_10_11_set_to_10_2023-09-01T12-35-38.130894
Runtime: 0:00:00.249901
Test Summary: 9 tests ran.
PASSED: 9 test cases.
FAILED: 9 test cases:
57: cor1_request:[cor1_request.fuzzed_cor1_value:56]
58: cor1_request:[cor1_request.fuzzed_cor1_value:57]
59: cor1_request:[cor1_request.fuzzed_cor1_value:58]
60: cor1_request:[cor1_request.fuzzed_cor1_value:59]
61: cor1_request:[cor1_request.fuzzed_cor1_value:60]
62: cor1_request:[cor1_request.fuzzed_cor1_value:61]
63: cor1_request:[cor1_request.fuzzed_cor1_value:62]
64: cor1_request:[cor1_request.fuzzed_cor1_value:63]
65: cor1_request:[cor1_request.fuzzed_cor1_value:64]


real	0m0,911s
user	0m1,205s
sys	0m0,242s
