Counting test cases...
524287 test cases found

test_cases_per_board: 34952, rest: 7
board: 0, index_start: 1, index_end: 34953, openocd_port: 6666, openocd_bus_port: 3-1.3.4
board: 1, index_start: 34953, index_end: 69905, openocd_port: 6667, openocd_bus_port: 3-1.4.3
board: 2, index_start: 69905, index_end: 104857, openocd_port: 6668, openocd_bus_port: 3-1.2.4
board: 3, index_start: 104857, index_end: 139809, openocd_port: 6669, openocd_bus_port: 3-1.3.3
board: 4, index_start: 139809, index_end: 174761, openocd_port: 6670, openocd_bus_port: 3-1.4.2
board: 5, index_start: 174761, index_end: 209713, openocd_port: 6671, openocd_bus_port: 3-1.1.4
board: 6, index_start: 209713, index_end: 244665, openocd_port: 6672, openocd_bus_port: 3-1.2.3
board: 7, index_start: 244665, index_end: 279616, openocd_port: 6673, openocd_bus_port: 3-1.3.2
board: 8, index_start: 279617, index_end: 314568, openocd_port: 6674, openocd_bus_port: 3-1.4.1
board: 9, index_start: 314569, index_end: 349520, openocd_port: 6675, openocd_bus_port: 3-1.1.3
board: 10, index_start: 349521, index_end: 384472, openocd_port: 6676, openocd_bus_port: 3-1.2.2
board: 11, index_start: 384473, index_end: 419424, openocd_port: 6677, openocd_bus_port: 3-1.3.1
board: 12, index_start: 419425, index_end: 454376, openocd_port: 6678, openocd_bus_port: 3-1.1.2
board: 13, index_start: 454377, index_end: 489328, openocd_port: 6679, openocd_bus_port: 3-1.2.1
board: 14, index_start: 489329, index_end: 524280, openocd_port: 6680, openocd_bus_port: 3-1.1.1

Fuzzing session completed: ctl1_register_reserved_2023-08-28T07-19-05.626051
Runtime: 0:15:44.859640
Test Summary: 34953 tests ran.
PASSED: 34953 test cases.


Fuzzing session completed: ctl1_register_reserved_2023-08-28T07-19-05.625937
Runtime: 0:15:45.630295
Test Summary: 34953 tests ran.
PASSED: 34953 test cases.


Fuzzing session completed: ctl1_register_reserved_2023-08-28T07-19-05.625983
Runtime: 0:15:47.299179
Test Summary: 34953 tests ran.
PASSED: 34953 test cases.


Fuzzing session completed: ctl1_register_reserved_2023-08-28T07-19-05.625981
Runtime: 0:15:48.137132
Test Summary: 34953 tests ran.
PASSED: 34953 test cases.


Fuzzing session completed: ctl1_register_reserved_2023-08-28T07-19-05.625883
Runtime: 0:15:49.171803
Test Summary: 34953 tests ran.
PASSED: 34953 test cases.


Fuzzing session completed: ctl1_register_reserved_2023-08-28T07-19-05.631760
Runtime: 0:15:54.782122
Test Summary: 34952 tests ran.
PASSED: 34952 test cases.


Fuzzing session completed: ctl1_register_reserved_2023-08-28T07-19-05.631307
Runtime: 0:15:55.824531
Test Summary: 34952 tests ran.
PASSED: 34952 test cases.


Fuzzing session completed: ctl1_register_reserved_2023-08-28T07-19-05.629385
Runtime: 0:15:57.270908
Test Summary: 34952 tests ran.
PASSED: 34952 test cases.


Fuzzing session completed: ctl1_register_reserved_2023-08-28T07-19-05.628913
Runtime: 0:16:01.395653
Test Summary: 34952 tests ran.
PASSED: 34952 test cases.


Fuzzing session completed: ctl1_register_reserved_2023-08-28T07-19-05.628891
Runtime: 0:16:01.644976
Test Summary: 34952 tests ran.
PASSED: 34952 test cases.


Fuzzing session completed: ctl1_register_reserved_2023-08-28T07-19-05.628853
Runtime: 0:16:03.388528
Test Summary: 34952 tests ran.
PASSED: 34952 test cases.


Fuzzing session completed: ctl1_register_reserved_2023-08-28T07-19-05.627929
Runtime: 0:16:05.942363
Test Summary: 34952 tests ran.
PASSED: 34952 test cases.


Fuzzing session completed: ctl1_register_reserved_2023-08-28T07-19-05.627213
Runtime: 0:16:06.631380
Test Summary: 34952 tests ran.
PASSED: 34952 test cases.


Fuzzing session completed: ctl1_register_reserved_2023-08-28T07-19-05.626085
Runtime: 0:16:08.858081
Test Summary: 34953 tests ran.
PASSED: 34953 test cases.


Fuzzing session completed: ctl1_register_reserved_2023-08-28T07-19-05.626204
Runtime: 0:16:12.429368
Test Summary: 34953 tests ran.
PASSED: 34953 test cases.


real	16m18,262s
user	30m53,233s
sys	1m21,559s
