Counting test cases...
524287 test cases found

test_cases_per_board: 34952, rest: 7
board: 0, index_start: 1, index_end: 34953, openocd_port: 6666, openocd_bus_port: 3-1.3.4
board: 1, index_start: 34953, index_end: 69905, openocd_port: 6667, openocd_bus_port: 3-1.4.3
board: 2, index_start: 69905, index_end: 104857, openocd_port: 6668, openocd_bus_port: 3-1.2.4
board: 3, index_start: 104857, index_end: 139809, openocd_port: 6669, openocd_bus_port: 3-1.3.3
board: 4, index_start: 139809, index_end: 174761, openocd_port: 6670, openocd_bus_port: 3-1.4.2
board: 5, index_start: 174761, index_end: 209713, openocd_port: 6671, openocd_bus_port: 3-1.1.4
board: 6, index_start: 209713, index_end: 244665, openocd_port: 6672, openocd_bus_port: 3-1.2.3
board: 7, index_start: 244665, index_end: 279616, openocd_port: 6673, openocd_bus_port: 3-1.3.2
board: 8, index_start: 279617, index_end: 314568, openocd_port: 6674, openocd_bus_port: 3-1.4.1
board: 9, index_start: 314569, index_end: 349520, openocd_port: 6675, openocd_bus_port: 3-1.1.3
board: 10, index_start: 349521, index_end: 384472, openocd_port: 6676, openocd_bus_port: 3-1.2.2
board: 11, index_start: 384473, index_end: 419424, openocd_port: 6677, openocd_bus_port: 3-1.3.1
board: 12, index_start: 419425, index_end: 454376, openocd_port: 6678, openocd_bus_port: 3-1.1.2
board: 13, index_start: 454377, index_end: 489328, openocd_port: 6679, openocd_bus_port: 3-1.2.1
board: 14, index_start: 489329, index_end: 524280, openocd_port: 6680, openocd_bus_port: 3-1.1.1

Fuzzing session completed: mfwr_register_2023-08-24T11-47-54.291746
Runtime: 0:17:37.312342
Test Summary: 34953 tests ran.
PASSED: 34953 test cases.


Fuzzing session completed: mfwr_register_2023-08-24T11-47-54.291823
Runtime: 0:17:42.089613
Test Summary: 34953 tests ran.
PASSED: 34953 test cases.


Fuzzing session completed: mfwr_register_2023-08-24T11-47-54.291854
Runtime: 0:17:42.524013
Test Summary: 34953 tests ran.
PASSED: 34953 test cases.


Fuzzing session completed: mfwr_register_2023-08-24T11-47-54.291747
Runtime: 0:17:43.008462
Test Summary: 34953 tests ran.
PASSED: 34953 test cases.


Fuzzing session completed: mfwr_register_2023-08-24T11-47-54.291745
Runtime: 0:17:43.665267
Test Summary: 34953 tests ran.
PASSED: 34953 test cases.


Fuzzing session completed: mfwr_register_2023-08-24T11-47-54.297208
Runtime: 0:17:50.105011
Test Summary: 34952 tests ran.
PASSED: 34952 test cases.


Fuzzing session completed: mfwr_register_2023-08-24T11-47-54.296595
Runtime: 0:17:52.641495
Test Summary: 34952 tests ran.
PASSED: 34952 test cases.


Fuzzing session completed: mfwr_register_2023-08-24T11-47-54.295506
Runtime: 0:17:53.588986
Test Summary: 34952 tests ran.
PASSED: 34952 test cases.


Fuzzing session completed: mfwr_register_2023-08-24T11-47-54.295890
Runtime: 0:17:53.777036
Test Summary: 34952 tests ran.
PASSED: 34952 test cases.


Fuzzing session completed: mfwr_register_2023-08-24T11-47-54.295430
Runtime: 0:17:55.161296
Test Summary: 34952 tests ran.
PASSED: 34952 test cases.


Fuzzing session completed: mfwr_register_2023-08-24T11-47-54.294869
Runtime: 0:17:56.723303
Test Summary: 34952 tests ran.
PASSED: 34952 test cases.


Fuzzing session completed: mfwr_register_2023-08-24T11-47-54.294873
Runtime: 0:17:58.683534
Test Summary: 34952 tests ran.
PASSED: 34952 test cases.


Fuzzing session completed: mfwr_register_2023-08-24T11-47-54.292316
Runtime: 0:18:01.701829
Test Summary: 34952 tests ran.
PASSED: 34952 test cases.


Fuzzing session completed: mfwr_register_2023-08-24T11-47-54.292238
Runtime: 0:18:02.286239
Test Summary: 34953 tests ran.
PASSED: 34953 test cases.


Fuzzing session completed: mfwr_register_2023-08-24T11-47-54.291910
Runtime: 0:18:04.407223
Test Summary: 34953 tests ran.
PASSED: 34953 test cases.


real	18m10,218s
user	43m25,815s
sys	2m13,006s
