Counting test cases...
2048 test cases found

test_cases_per_board: 136, rest: 8
board: 0, index_start: 1, index_end: 137, openocd_port: 6666, openocd_bus_port: 3-1.3.4
board: 1, index_start: 137, index_end: 273, openocd_port: 6667, openocd_bus_port: 3-1.4.3
board: 2, index_start: 273, index_end: 409, openocd_port: 6668, openocd_bus_port: 3-1.2.4
board: 3, index_start: 409, index_end: 545, openocd_port: 6669, openocd_bus_port: 3-1.3.3
board: 4, index_start: 545, index_end: 681, openocd_port: 6670, openocd_bus_port: 3-1.4.2
board: 5, index_start: 681, index_end: 817, openocd_port: 6671, openocd_bus_port: 3-1.1.4
board: 6, index_start: 817, index_end: 953, openocd_port: 6672, openocd_bus_port: 3-1.2.3
board: 7, index_start: 953, index_end: 1089, openocd_port: 6673, openocd_bus_port: 3-1.3.2
board: 8, index_start: 1089, index_end: 1224, openocd_port: 6674, openocd_bus_port: 3-1.4.1
board: 9, index_start: 1225, index_end: 1360, openocd_port: 6675, openocd_bus_port: 3-1.1.3
board: 10, index_start: 1361, index_end: 1496, openocd_port: 6676, openocd_bus_port: 3-1.2.2
board: 11, index_start: 1497, index_end: 1632, openocd_port: 6677, openocd_bus_port: 3-1.3.1
board: 12, index_start: 1633, index_end: 1768, openocd_port: 6678, openocd_bus_port: 3-1.1.2
board: 13, index_start: 1769, index_end: 1904, openocd_port: 6679, openocd_bus_port: 3-1.2.1
board: 14, index_start: 1905, index_end: 2040, openocd_port: 6680, openocd_bus_port: 3-1.1.1

Fuzzing session completed: register_address_2023-08-31T21-47-33.767002
Runtime: 0:00:03.601126
Test Summary: 137 tests ran.
PASSED: 137 test cases.


Fuzzing session completed: register_address_2023-08-31T21-47-33.770975
Runtime: 0:00:03.598170
Test Summary: 136 tests ran.
PASSED: 136 test cases.


Fuzzing session completed: register_address_2023-08-31T21-47-33.767034
Runtime: 0:00:03.621961
Test Summary: 137 tests ran.
PASSED: 137 test cases.


Fuzzing session completed: register_address_2023-08-31T21-47-33.771161
Runtime: 0:00:03.616955
Test Summary: 136 tests ran.
PASSED: 136 test cases.


Fuzzing session completed: register_address_2023-08-31T21-47-33.770721
Runtime: 0:00:03.626729
Test Summary: 136 tests ran.
PASSED: 136 test cases.


Fuzzing session completed: register_address_2023-08-31T21-47-33.766999
Runtime: 0:00:03.644135
Test Summary: 137 tests ran.
PASSED: 137 test cases.


Fuzzing session completed: register_address_2023-08-31T21-47-33.767118
Runtime: 0:00:03.619892
Test Summary: 137 tests ran.
PASSED: 137 test cases.


Fuzzing session completed: register_address_2023-08-31T21-47-33.770917
Runtime: 0:00:03.623682
Test Summary: 136 tests ran.
PASSED: 136 test cases.


Fuzzing session completed: register_address_2023-08-31T21-47-33.770399
Runtime: 0:00:03.637932
Test Summary: 136 tests ran.
PASSED: 136 test cases.


Fuzzing session completed: register_address_2023-08-31T21-47-33.770663
Runtime: 0:00:03.638031
Test Summary: 136 tests ran.
PASSED: 136 test cases.


Fuzzing session completed: register_address_2023-08-31T21-47-33.767297
Runtime: 0:00:03.696110
Test Summary: 137 tests ran.
PASSED: 137 test cases.


Fuzzing session completed: register_address_2023-08-31T21-47-33.767941
Runtime: 0:00:03.709921
Test Summary: 137 tests ran.
PASSED: 137 test cases.


Fuzzing session completed: register_address_2023-08-31T21-47-33.767236
Runtime: 0:00:03.710874
Test Summary: 137 tests ran.
PASSED: 137 test cases.


Fuzzing session completed: register_address_2023-08-31T21-47-33.770674
Runtime: 0:00:03.864626
Test Summary: 136 tests ran.
PASSED: 136 test cases.


Fuzzing session completed: register_address_2023-08-31T21-47-33.767042
Runtime: 0:00:03.838941
Test Summary: 137 tests ran.
PASSED: 137 test cases.


real	0m4,512s
user	0m6,912s
sys	0m0,462s
