Counting test cases...
83886041 test cases found

test_cases_per_board: 5592402, rest: 11
board: 0, index_start: 1, index_end: 5592403, openocd_port: 6666, openocd_bus_port: 3-7.1.1
board: 1, index_start: 5592403, index_end: 11184805, openocd_port: 6667, openocd_bus_port: 3-7.1.2
board: 2, index_start: 11184805, index_end: 16777207, openocd_port: 6668, openocd_bus_port: 3-7.1.3
board: 3, index_start: 16777207, index_end: 22369609, openocd_port: 6669, openocd_bus_port: 3-7.1.4
board: 4, index_start: 22369609, index_end: 27962011, openocd_port: 6670, openocd_bus_port: 3-7.2.1
board: 5, index_start: 27962011, index_end: 33554413, openocd_port: 6671, openocd_bus_port: 3-7.2.2
board: 6, index_start: 33554413, index_end: 39146815, openocd_port: 6672, openocd_bus_port: 3-7.2.3
board: 7, index_start: 39146815, index_end: 44739217, openocd_port: 6673, openocd_bus_port: 3-7.2.4
board: 8, index_start: 44739217, index_end: 50331619, openocd_port: 6674, openocd_bus_port: 3-7.3.1
board: 9, index_start: 50331619, index_end: 55924021, openocd_port: 6675, openocd_bus_port: 3-7.3.2
board: 10, index_start: 55924021, index_end: 61516423, openocd_port: 6676, openocd_bus_port: 3-7.3.3
board: 11, index_start: 61516423, index_end: 67108824, openocd_port: 6677, openocd_bus_port: 3-7.3.4
board: 12, index_start: 67108825, index_end: 72701226, openocd_port: 6678, openocd_bus_port: 3-7.4.1
board: 13, index_start: 72701227, index_end: 78293628, openocd_port: 6679, openocd_bus_port: 3-7.4.2
board: 14, index_start: 78293629, index_end: 83886030, openocd_port: 6680, openocd_bus_port: 3-7.4.3

Fuzzing session completed: starbleed_2023-09-10T10-28-04.916464
index_start: 61516423, index_end: 67108824, openocd_port: 6677, openocd_bus_port: 3-7.3.4
Runtime: 1:42:46.178997
Test Summary: 97367 tests ran.
PASSED: 97367 test cases.
FAILED: 128 test cases:
61516877: starbleed_request:[starbleed_request.starbleed_bitstream:61516876]
61516908: starbleed_request:[starbleed_request.starbleed_bitstream:61516907]
61519517: starbleed_request:[starbleed_request.starbleed_bitstream:61519516]
61519579: starbleed_request:[starbleed_request.starbleed_bitstream:61519578]
61519669: starbleed_request:[starbleed_request.starbleed_bitstream:61519668]
61520041: starbleed_request:[starbleed_request.starbleed_bitstream:61520040]
61520563: starbleed_request:[starbleed_request.starbleed_bitstream:61520562]
61520641: starbleed_request:[starbleed_request.starbleed_bitstream:61520640]
61521114: starbleed_request:[starbleed_request.starbleed_bitstream:61521113]
61521789: starbleed_request:[starbleed_request.starbleed_bitstream:61521788]
61521882: starbleed_request:[starbleed_request.starbleed_bitstream:61521881]
61521933: starbleed_request:[starbleed_request.starbleed_bitstream:61521932]
61522437: starbleed_request:[starbleed_request.starbleed_bitstream:61522436]
61523019: starbleed_request:[starbleed_request.starbleed_bitstream:61523018]
61524619: starbleed_request:[starbleed_request.starbleed_bitstream:61524618]
61526654: starbleed_request:[starbleed_request.starbleed_bitstream:61526653]
61527289: starbleed_request:[starbleed_request.starbleed_bitstream:61527288]
61527476: starbleed_request:[starbleed_request.starbleed_bitstream:61527475]
61528986: starbleed_request:[starbleed_request.starbleed_bitstream:61528985]
61529393: starbleed_request:[starbleed_request.starbleed_bitstream:61529392]
61530431: starbleed_request:[starbleed_request.starbleed_bitstream:61530430]
61530941: starbleed_request:[starbleed_request.starbleed_bitstream:61530940]
61530999: starbleed_request:[starbleed_request.starbleed_bitstream:61530998]
61532172: starbleed_request:[starbleed_request.starbleed_bitstream:61532171]
61532287: starbleed_request:[starbleed_request.starbleed_bitstream:61532286]
61532749: starbleed_request:[starbleed_request.starbleed_bitstream:61532748]
61533016: starbleed_request:[starbleed_request.starbleed_bitstream:61533015]
61533720: starbleed_request:[starbleed_request.starbleed_bitstream:61533719]
61534309: starbleed_request:[starbleed_request.starbleed_bitstream:61534308]
61534478: starbleed_request:[starbleed_request.starbleed_bitstream:61534477]
61537558: starbleed_request:[starbleed_request.starbleed_bitstream:61537557]
61537583: starbleed_request:[starbleed_request.starbleed_bitstream:61537582]
61538174: starbleed_request:[starbleed_request.starbleed_bitstream:61538173]
61538476: starbleed_request:[starbleed_request.starbleed_bitstream:61538475]
61541466: starbleed_request:[starbleed_request.starbleed_bitstream:61541465]
61541624: starbleed_request:[starbleed_request.starbleed_bitstream:61541623]
61541923: starbleed_request:[starbleed_request.starbleed_bitstream:61541922]
61542146: starbleed_request:[starbleed_request.starbleed_bitstream:61542145]
61542189: starbleed_request:[starbleed_request.starbleed_bitstream:61542188]
61542254: starbleed_request:[starbleed_request.starbleed_bitstream:61542253]
61543927: starbleed_request:[starbleed_request.starbleed_bitstream:61543926]
61544808: starbleed_request:[starbleed_request.starbleed_bitstream:61544807]
61546590: starbleed_request:[starbleed_request.starbleed_bitstream:61546589]
61548361: starbleed_request:[starbleed_request.starbleed_bitstream:61548360]
61548737: starbleed_request:[starbleed_request.starbleed_bitstream:61548736]
61549216: starbleed_request:[starbleed_request.starbleed_bitstream:61549215]
61549428: starbleed_request:[starbleed_request.starbleed_bitstream:61549427]
61549750: starbleed_request:[starbleed_request.starbleed_bitstream:61549749]
61550367: starbleed_request:[starbleed_request.starbleed_bitstream:61550366]
61551298: starbleed_request:[starbleed_request.starbleed_bitstream:61551297]
61552783: starbleed_request:[starbleed_request.starbleed_bitstream:61552782]
61552849: starbleed_request:[starbleed_request.starbleed_bitstream:61552848]
61553335: starbleed_request:[starbleed_request.starbleed_bitstream:61553334]
61557916: starbleed_request:[starbleed_request.starbleed_bitstream:61557915]
61559453: starbleed_request:[starbleed_request.starbleed_bitstream:61559452]
61559993: starbleed_request:[starbleed_request.starbleed_bitstream:61559992]
61560626: starbleed_request:[starbleed_request.starbleed_bitstream:61560625]
61561683: starbleed_request:[starbleed_request.starbleed_bitstream:61561682]
61561771: starbleed_request:[starbleed_request.starbleed_bitstream:61561770]
61562585: starbleed_request:[starbleed_request.starbleed_bitstream:61562584]
61563019: starbleed_request:[starbleed_request.starbleed_bitstream:61563018]
61563840: starbleed_request:[starbleed_request.starbleed_bitstream:61563839]
61565170: starbleed_request:[starbleed_request.starbleed_bitstream:61565169]
61566290: starbleed_request:[starbleed_request.starbleed_bitstream:61566289]
61566822: starbleed_request:[starbleed_request.starbleed_bitstream:61566821]
61567129: starbleed_request:[starbleed_request.starbleed_bitstream:61567128]
61567524: starbleed_request:[starbleed_request.starbleed_bitstream:61567523]
61567525: starbleed_request:[starbleed_request.starbleed_bitstream:61567524]
61567893: starbleed_request:[starbleed_request.starbleed_bitstream:61567892]
61568042: starbleed_request:[starbleed_request.starbleed_bitstream:61568041]
61568419: starbleed_request:[starbleed_request.starbleed_bitstream:61568418]
61569625: starbleed_request:[starbleed_request.starbleed_bitstream:61569624]
61570327: starbleed_request:[starbleed_request.starbleed_bitstream:61570326]
61570437: starbleed_request:[starbleed_request.starbleed_bitstream:61570436]
61572374: starbleed_request:[starbleed_request.starbleed_bitstream:61572373]
61574191: starbleed_request:[starbleed_request.starbleed_bitstream:61574190]
61574773: starbleed_request:[starbleed_request.starbleed_bitstream:61574772]
61574911: starbleed_request:[starbleed_request.starbleed_bitstream:61574910]
61575177: starbleed_request:[starbleed_request.starbleed_bitstream:61575176]
61575426: starbleed_request:[starbleed_request.starbleed_bitstream:61575425]
61575761: starbleed_request:[starbleed_request.starbleed_bitstream:61575760]
61576828: starbleed_request:[starbleed_request.starbleed_bitstream:61576827]
61577133: starbleed_request:[starbleed_request.starbleed_bitstream:61577132]
61577726: starbleed_request:[starbleed_request.starbleed_bitstream:61577725]
61578423: starbleed_request:[starbleed_request.starbleed_bitstream:61578422]
61578444: starbleed_request:[starbleed_request.starbleed_bitstream:61578443]
61580514: starbleed_request:[starbleed_request.starbleed_bitstream:61580513]
61581217: starbleed_request:[starbleed_request.starbleed_bitstream:61581216]
61581547: starbleed_request:[starbleed_request.starbleed_bitstream:61581546]
61586248: starbleed_request:[starbleed_request.starbleed_bitstream:61586247]
61587561: starbleed_request:[starbleed_request.starbleed_bitstream:61587560]
61587739: starbleed_request:[starbleed_request.starbleed_bitstream:61587738]
61589669: starbleed_request:[starbleed_request.starbleed_bitstream:61589668]
61589959: starbleed_request:[starbleed_request.starbleed_bitstream:61589958]
61590250: starbleed_request:[starbleed_request.starbleed_bitstream:61590249]
61590629: starbleed_request:[starbleed_request.starbleed_bitstream:61590628]
61591073: starbleed_request:[starbleed_request.starbleed_bitstream:61591072]
61591149: starbleed_request:[starbleed_request.starbleed_bitstream:61591148]
61591911: starbleed_request:[starbleed_request.starbleed_bitstream:61591910]
61591956: starbleed_request:[starbleed_request.starbleed_bitstream:61591955]
61592175: starbleed_request:[starbleed_request.starbleed_bitstream:61592174]
61593539: starbleed_request:[starbleed_request.starbleed_bitstream:61593538]
61593730: starbleed_request:[starbleed_request.starbleed_bitstream:61593729]
61595726: starbleed_request:[starbleed_request.starbleed_bitstream:61595725]
61596119: starbleed_request:[starbleed_request.starbleed_bitstream:61596118]
61596968: starbleed_request:[starbleed_request.starbleed_bitstream:61596967]
61597267: starbleed_request:[starbleed_request.starbleed_bitstream:61597266]
61598111: starbleed_request:[starbleed_request.starbleed_bitstream:61598110]
61599605: starbleed_request:[starbleed_request.starbleed_bitstream:61599604]
61600853: starbleed_request:[starbleed_request.starbleed_bitstream:61600852]
61601145: starbleed_request:[starbleed_request.starbleed_bitstream:61601144]
61601249: starbleed_request:[starbleed_request.starbleed_bitstream:61601248]
61601691: starbleed_request:[starbleed_request.starbleed_bitstream:61601690]
61602076: starbleed_request:[starbleed_request.starbleed_bitstream:61602075]
61602085: starbleed_request:[starbleed_request.starbleed_bitstream:61602084]
61602331: starbleed_request:[starbleed_request.starbleed_bitstream:61602330]
61602948: starbleed_request:[starbleed_request.starbleed_bitstream:61602947]
61603029: starbleed_request:[starbleed_request.starbleed_bitstream:61603028]
61606490: starbleed_request:[starbleed_request.starbleed_bitstream:61606489]
61607281: starbleed_request:[starbleed_request.starbleed_bitstream:61607280]
61607833: starbleed_request:[starbleed_request.starbleed_bitstream:61607832]
61608091: starbleed_request:[starbleed_request.starbleed_bitstream:61608090]
61609304: starbleed_request:[starbleed_request.starbleed_bitstream:61609303]
61609495: starbleed_request:[starbleed_request.starbleed_bitstream:61609494]
61610447: starbleed_request:[starbleed_request.starbleed_bitstream:61610446]
61612453: starbleed_request:[starbleed_request.starbleed_bitstream:61612452]
61613731: starbleed_request:[starbleed_request.starbleed_bitstream:61613730]
61613789: starbleed_request:[starbleed_request.starbleed_bitstream:61613788]



Fuzzing session completed: starbleed_2023-09-10T10-28-04.917291
index_start: 67108825, index_end: 72701226, openocd_port: 6678, openocd_bus_port: 3-7.4.1
Runtime: 1:45:19.175569
Test Summary: 100945 tests ran.
PASSED: 100945 test cases.
FAILED: 128 test cases:
67109478: starbleed_request:[starbleed_request.starbleed_bitstream:67109477]
67109813: starbleed_request:[starbleed_request.starbleed_bitstream:67109812]
67110357: starbleed_request:[starbleed_request.starbleed_bitstream:67110356]
67110488: starbleed_request:[starbleed_request.starbleed_bitstream:67110487]
67110773: starbleed_request:[starbleed_request.starbleed_bitstream:67110772]
67110833: starbleed_request:[starbleed_request.starbleed_bitstream:67110832]
67111165: starbleed_request:[starbleed_request.starbleed_bitstream:67111164]
67111303: starbleed_request:[starbleed_request.starbleed_bitstream:67111302]
67113172: starbleed_request:[starbleed_request.starbleed_bitstream:67113171]
67115547: starbleed_request:[starbleed_request.starbleed_bitstream:67115546]
67118697: starbleed_request:[starbleed_request.starbleed_bitstream:67118696]
67120290: starbleed_request:[starbleed_request.starbleed_bitstream:67120289]
67120320: starbleed_request:[starbleed_request.starbleed_bitstream:67120319]
67121347: starbleed_request:[starbleed_request.starbleed_bitstream:67121346]
67121450: starbleed_request:[starbleed_request.starbleed_bitstream:67121449]
67121452: starbleed_request:[starbleed_request.starbleed_bitstream:67121451]
67121915: starbleed_request:[starbleed_request.starbleed_bitstream:67121914]
67122241: starbleed_request:[starbleed_request.starbleed_bitstream:67122240]
67122568: starbleed_request:[starbleed_request.starbleed_bitstream:67122567]
67124690: starbleed_request:[starbleed_request.starbleed_bitstream:67124689]
67125561: starbleed_request:[starbleed_request.starbleed_bitstream:67125560]
67127088: starbleed_request:[starbleed_request.starbleed_bitstream:67127087]
67130090: starbleed_request:[starbleed_request.starbleed_bitstream:67130089]
67133164: starbleed_request:[starbleed_request.starbleed_bitstream:67133163]
67133293: starbleed_request:[starbleed_request.starbleed_bitstream:67133292]
67136847: starbleed_request:[starbleed_request.starbleed_bitstream:67136846]
67137360: starbleed_request:[starbleed_request.starbleed_bitstream:67137359]
67137702: starbleed_request:[starbleed_request.starbleed_bitstream:67137701]
67138164: starbleed_request:[starbleed_request.starbleed_bitstream:67138163]
67138378: starbleed_request:[starbleed_request.starbleed_bitstream:67138377]
67142120: starbleed_request:[starbleed_request.starbleed_bitstream:67142119]
67142310: starbleed_request:[starbleed_request.starbleed_bitstream:67142309]
67142693: starbleed_request:[starbleed_request.starbleed_bitstream:67142692]
67142817: starbleed_request:[starbleed_request.starbleed_bitstream:67142816]
67143593: starbleed_request:[starbleed_request.starbleed_bitstream:67143592]
67143748: starbleed_request:[starbleed_request.starbleed_bitstream:67143747]
67143796: starbleed_request:[starbleed_request.starbleed_bitstream:67143795]
67143853: starbleed_request:[starbleed_request.starbleed_bitstream:67143852]
67145431: starbleed_request:[starbleed_request.starbleed_bitstream:67145430]
67145555: starbleed_request:[starbleed_request.starbleed_bitstream:67145554]
67145909: starbleed_request:[starbleed_request.starbleed_bitstream:67145908]
67146382: starbleed_request:[starbleed_request.starbleed_bitstream:67146381]
67146745: starbleed_request:[starbleed_request.starbleed_bitstream:67146744]
67147387: starbleed_request:[starbleed_request.starbleed_bitstream:67147386]
67148395: starbleed_request:[starbleed_request.starbleed_bitstream:67148394]
67148445: starbleed_request:[starbleed_request.starbleed_bitstream:67148444]
67148742: starbleed_request:[starbleed_request.starbleed_bitstream:67148741]
67148906: starbleed_request:[starbleed_request.starbleed_bitstream:67148905]
67149478: starbleed_request:[starbleed_request.starbleed_bitstream:67149477]
67149611: starbleed_request:[starbleed_request.starbleed_bitstream:67149610]
67150271: starbleed_request:[starbleed_request.starbleed_bitstream:67150270]
67150287: starbleed_request:[starbleed_request.starbleed_bitstream:67150286]
67151610: starbleed_request:[starbleed_request.starbleed_bitstream:67151609]
67151623: starbleed_request:[starbleed_request.starbleed_bitstream:67151622]
67152099: starbleed_request:[starbleed_request.starbleed_bitstream:67152098]
67152501: starbleed_request:[starbleed_request.starbleed_bitstream:67152500]
67153041: starbleed_request:[starbleed_request.starbleed_bitstream:67153040]
67153912: starbleed_request:[starbleed_request.starbleed_bitstream:67153911]
67154139: starbleed_request:[starbleed_request.starbleed_bitstream:67154138]
67155264: starbleed_request:[starbleed_request.starbleed_bitstream:67155263]
67155922: starbleed_request:[starbleed_request.starbleed_bitstream:67155921]
67156643: starbleed_request:[starbleed_request.starbleed_bitstream:67156642]
67157218: starbleed_request:[starbleed_request.starbleed_bitstream:67157217]
67157284: starbleed_request:[starbleed_request.starbleed_bitstream:67157283]
67157326: starbleed_request:[starbleed_request.starbleed_bitstream:67157325]
67159746: starbleed_request:[starbleed_request.starbleed_bitstream:67159745]
67161540: starbleed_request:[starbleed_request.starbleed_bitstream:67161539]
67162890: starbleed_request:[starbleed_request.starbleed_bitstream:67162889]
67163523: starbleed_request:[starbleed_request.starbleed_bitstream:67163522]
67165062: starbleed_request:[starbleed_request.starbleed_bitstream:67165061]
67166035: starbleed_request:[starbleed_request.starbleed_bitstream:67166034]
67166672: starbleed_request:[starbleed_request.starbleed_bitstream:67166671]
67169617: starbleed_request:[starbleed_request.starbleed_bitstream:67169616]
67170754: starbleed_request:[starbleed_request.starbleed_bitstream:67170753]
67170842: starbleed_request:[starbleed_request.starbleed_bitstream:67170841]
67171030: starbleed_request:[starbleed_request.starbleed_bitstream:67171029]
67171867: starbleed_request:[starbleed_request.starbleed_bitstream:67171866]
67173220: starbleed_request:[starbleed_request.starbleed_bitstream:67173219]
67173367: starbleed_request:[starbleed_request.starbleed_bitstream:67173366]
67173828: starbleed_request:[starbleed_request.starbleed_bitstream:67173827]
67175210: starbleed_request:[starbleed_request.starbleed_bitstream:67175209]
67175647: starbleed_request:[starbleed_request.starbleed_bitstream:67175646]
67175740: starbleed_request:[starbleed_request.starbleed_bitstream:67175739]
67176085: starbleed_request:[starbleed_request.starbleed_bitstream:67176084]
67176490: starbleed_request:[starbleed_request.starbleed_bitstream:67176489]
67176679: starbleed_request:[starbleed_request.starbleed_bitstream:67176678]
67176827: starbleed_request:[starbleed_request.starbleed_bitstream:67176826]
67177273: starbleed_request:[starbleed_request.starbleed_bitstream:67177272]
67177616: starbleed_request:[starbleed_request.starbleed_bitstream:67177615]
67177816: starbleed_request:[starbleed_request.starbleed_bitstream:67177815]
67178006: starbleed_request:[starbleed_request.starbleed_bitstream:67178005]
67178288: starbleed_request:[starbleed_request.starbleed_bitstream:67178287]
67180262: starbleed_request:[starbleed_request.starbleed_bitstream:67180261]
67180845: starbleed_request:[starbleed_request.starbleed_bitstream:67180844]
67180848: starbleed_request:[starbleed_request.starbleed_bitstream:67180847]
67181126: starbleed_request:[starbleed_request.starbleed_bitstream:67181125]
67181228: starbleed_request:[starbleed_request.starbleed_bitstream:67181227]
67183334: starbleed_request:[starbleed_request.starbleed_bitstream:67183333]
67185470: starbleed_request:[starbleed_request.starbleed_bitstream:67185469]
67187738: starbleed_request:[starbleed_request.starbleed_bitstream:67187737]
67189145: starbleed_request:[starbleed_request.starbleed_bitstream:67189144]
67189489: starbleed_request:[starbleed_request.starbleed_bitstream:67189488]
67189771: starbleed_request:[starbleed_request.starbleed_bitstream:67189770]
67190397: starbleed_request:[starbleed_request.starbleed_bitstream:67190396]
67193095: starbleed_request:[starbleed_request.starbleed_bitstream:67193094]
67194102: starbleed_request:[starbleed_request.starbleed_bitstream:67194101]
67194725: starbleed_request:[starbleed_request.starbleed_bitstream:67194724]
67196432: starbleed_request:[starbleed_request.starbleed_bitstream:67196431]
67196641: starbleed_request:[starbleed_request.starbleed_bitstream:67196640]
67198614: starbleed_request:[starbleed_request.starbleed_bitstream:67198613]
67200378: starbleed_request:[starbleed_request.starbleed_bitstream:67200377]
67200565: starbleed_request:[starbleed_request.starbleed_bitstream:67200564]
67200665: starbleed_request:[starbleed_request.starbleed_bitstream:67200664]
67200906: starbleed_request:[starbleed_request.starbleed_bitstream:67200905]
67202419: starbleed_request:[starbleed_request.starbleed_bitstream:67202418]
67202495: starbleed_request:[starbleed_request.starbleed_bitstream:67202494]
67202546: starbleed_request:[starbleed_request.starbleed_bitstream:67202545]
67203299: starbleed_request:[starbleed_request.starbleed_bitstream:67203298]
67206617: starbleed_request:[starbleed_request.starbleed_bitstream:67206616]
67207846: starbleed_request:[starbleed_request.starbleed_bitstream:67207845]
67207933: starbleed_request:[starbleed_request.starbleed_bitstream:67207932]
67208593: starbleed_request:[starbleed_request.starbleed_bitstream:67208592]
67208677: starbleed_request:[starbleed_request.starbleed_bitstream:67208676]
67208831: starbleed_request:[starbleed_request.starbleed_bitstream:67208830]
67209435: starbleed_request:[starbleed_request.starbleed_bitstream:67209434]
67209711: starbleed_request:[starbleed_request.starbleed_bitstream:67209710]
67209756: starbleed_request:[starbleed_request.starbleed_bitstream:67209755]
67209769: starbleed_request:[starbleed_request.starbleed_bitstream:67209768]



Fuzzing session completed: starbleed_2023-09-10T10-28-04.918223
index_start: 72701227, index_end: 78293628, openocd_port: 6679, openocd_bus_port: 3-7.4.2
Runtime: 1:45:56.437215
Test Summary: 99350 tests ran.
PASSED: 99350 test cases.
FAILED: 128 test cases:
72702415: starbleed_request:[starbleed_request.starbleed_bitstream:72702414]
72702887: starbleed_request:[starbleed_request.starbleed_bitstream:72702886]
72703244: starbleed_request:[starbleed_request.starbleed_bitstream:72703243]
72703445: starbleed_request:[starbleed_request.starbleed_bitstream:72703444]
72705587: starbleed_request:[starbleed_request.starbleed_bitstream:72705586]
72706030: starbleed_request:[starbleed_request.starbleed_bitstream:72706029]
72706160: starbleed_request:[starbleed_request.starbleed_bitstream:72706159]
72707224: starbleed_request:[starbleed_request.starbleed_bitstream:72707223]
72707412: starbleed_request:[starbleed_request.starbleed_bitstream:72707411]
72707898: starbleed_request:[starbleed_request.starbleed_bitstream:72707897]
72708065: starbleed_request:[starbleed_request.starbleed_bitstream:72708064]
72709865: starbleed_request:[starbleed_request.starbleed_bitstream:72709864]
72712201: starbleed_request:[starbleed_request.starbleed_bitstream:72712200]
72712906: starbleed_request:[starbleed_request.starbleed_bitstream:72712905]
72713056: starbleed_request:[starbleed_request.starbleed_bitstream:72713055]
72715137: starbleed_request:[starbleed_request.starbleed_bitstream:72715136]
72716141: starbleed_request:[starbleed_request.starbleed_bitstream:72716140]
72716664: starbleed_request:[starbleed_request.starbleed_bitstream:72716663]
72716952: starbleed_request:[starbleed_request.starbleed_bitstream:72716951]
72717177: starbleed_request:[starbleed_request.starbleed_bitstream:72717176]
72717994: starbleed_request:[starbleed_request.starbleed_bitstream:72717993]
72718092: starbleed_request:[starbleed_request.starbleed_bitstream:72718091]
72719225: starbleed_request:[starbleed_request.starbleed_bitstream:72719224]
72720216: starbleed_request:[starbleed_request.starbleed_bitstream:72720215]
72722018: starbleed_request:[starbleed_request.starbleed_bitstream:72722017]
72722774: starbleed_request:[starbleed_request.starbleed_bitstream:72722773]
72722776: starbleed_request:[starbleed_request.starbleed_bitstream:72722775]
72723433: starbleed_request:[starbleed_request.starbleed_bitstream:72723432]
72724240: starbleed_request:[starbleed_request.starbleed_bitstream:72724239]
72724325: starbleed_request:[starbleed_request.starbleed_bitstream:72724324]
72724873: starbleed_request:[starbleed_request.starbleed_bitstream:72724872]
72725468: starbleed_request:[starbleed_request.starbleed_bitstream:72725467]
72727119: starbleed_request:[starbleed_request.starbleed_bitstream:72727118]
72727750: starbleed_request:[starbleed_request.starbleed_bitstream:72727749]
72728930: starbleed_request:[starbleed_request.starbleed_bitstream:72728929]
72729108: starbleed_request:[starbleed_request.starbleed_bitstream:72729107]
72729464: starbleed_request:[starbleed_request.starbleed_bitstream:72729463]
72729473: starbleed_request:[starbleed_request.starbleed_bitstream:72729472]
72730980: starbleed_request:[starbleed_request.starbleed_bitstream:72730979]
72732532: starbleed_request:[starbleed_request.starbleed_bitstream:72732531]
72733312: starbleed_request:[starbleed_request.starbleed_bitstream:72733311]
72733749: starbleed_request:[starbleed_request.starbleed_bitstream:72733748]
72733811: starbleed_request:[starbleed_request.starbleed_bitstream:72733810]
72734011: starbleed_request:[starbleed_request.starbleed_bitstream:72734010]
72734340: starbleed_request:[starbleed_request.starbleed_bitstream:72734339]
72737781: starbleed_request:[starbleed_request.starbleed_bitstream:72737780]
72739495: starbleed_request:[starbleed_request.starbleed_bitstream:72739494]
72739573: starbleed_request:[starbleed_request.starbleed_bitstream:72739572]
72740996: starbleed_request:[starbleed_request.starbleed_bitstream:72740995]
72742233: starbleed_request:[starbleed_request.starbleed_bitstream:72742232]
72742506: starbleed_request:[starbleed_request.starbleed_bitstream:72742505]
72743455: starbleed_request:[starbleed_request.starbleed_bitstream:72743454]
72744270: starbleed_request:[starbleed_request.starbleed_bitstream:72744269]
72745425: starbleed_request:[starbleed_request.starbleed_bitstream:72745424]
72745561: starbleed_request:[starbleed_request.starbleed_bitstream:72745560]
72747942: starbleed_request:[starbleed_request.starbleed_bitstream:72747941]
72748597: starbleed_request:[starbleed_request.starbleed_bitstream:72748596]
72749277: starbleed_request:[starbleed_request.starbleed_bitstream:72749276]
72749299: starbleed_request:[starbleed_request.starbleed_bitstream:72749298]
72750178: starbleed_request:[starbleed_request.starbleed_bitstream:72750177]
72751026: starbleed_request:[starbleed_request.starbleed_bitstream:72751025]
72751656: starbleed_request:[starbleed_request.starbleed_bitstream:72751655]
72753055: starbleed_request:[starbleed_request.starbleed_bitstream:72753054]
72753130: starbleed_request:[starbleed_request.starbleed_bitstream:72753129]
72753188: starbleed_request:[starbleed_request.starbleed_bitstream:72753187]
72753342: starbleed_request:[starbleed_request.starbleed_bitstream:72753341]
72754868: starbleed_request:[starbleed_request.starbleed_bitstream:72754867]
72754882: starbleed_request:[starbleed_request.starbleed_bitstream:72754881]
72755543: starbleed_request:[starbleed_request.starbleed_bitstream:72755542]
72755838: starbleed_request:[starbleed_request.starbleed_bitstream:72755837]
72757268: starbleed_request:[starbleed_request.starbleed_bitstream:72757267]
72757490: starbleed_request:[starbleed_request.starbleed_bitstream:72757489]
72757717: starbleed_request:[starbleed_request.starbleed_bitstream:72757716]
72757858: starbleed_request:[starbleed_request.starbleed_bitstream:72757857]
72758248: starbleed_request:[starbleed_request.starbleed_bitstream:72758247]
72758485: starbleed_request:[starbleed_request.starbleed_bitstream:72758484]
72758512: starbleed_request:[starbleed_request.starbleed_bitstream:72758511]
72758625: starbleed_request:[starbleed_request.starbleed_bitstream:72758624]
72759118: starbleed_request:[starbleed_request.starbleed_bitstream:72759117]
72759393: starbleed_request:[starbleed_request.starbleed_bitstream:72759392]
72760139: starbleed_request:[starbleed_request.starbleed_bitstream:72760138]
72761649: starbleed_request:[starbleed_request.starbleed_bitstream:72761648]
72761690: starbleed_request:[starbleed_request.starbleed_bitstream:72761689]
72761709: starbleed_request:[starbleed_request.starbleed_bitstream:72761708]
72764167: starbleed_request:[starbleed_request.starbleed_bitstream:72764166]
72764213: starbleed_request:[starbleed_request.starbleed_bitstream:72764212]
72764849: starbleed_request:[starbleed_request.starbleed_bitstream:72764848]
72765022: starbleed_request:[starbleed_request.starbleed_bitstream:72765021]
72766916: starbleed_request:[starbleed_request.starbleed_bitstream:72766915]
72767068: starbleed_request:[starbleed_request.starbleed_bitstream:72767067]
72767305: starbleed_request:[starbleed_request.starbleed_bitstream:72767304]
72767371: starbleed_request:[starbleed_request.starbleed_bitstream:72767370]
72769686: starbleed_request:[starbleed_request.starbleed_bitstream:72769685]
72770363: starbleed_request:[starbleed_request.starbleed_bitstream:72770362]
72772537: starbleed_request:[starbleed_request.starbleed_bitstream:72772536]
72773157: starbleed_request:[starbleed_request.starbleed_bitstream:72773156]
72773275: starbleed_request:[starbleed_request.starbleed_bitstream:72773274]
72775978: starbleed_request:[starbleed_request.starbleed_bitstream:72775977]
72776010: starbleed_request:[starbleed_request.starbleed_bitstream:72776009]
72776209: starbleed_request:[starbleed_request.starbleed_bitstream:72776208]
72776487: starbleed_request:[starbleed_request.starbleed_bitstream:72776486]
72777218: starbleed_request:[starbleed_request.starbleed_bitstream:72777217]
72778021: starbleed_request:[starbleed_request.starbleed_bitstream:72778020]
72779037: starbleed_request:[starbleed_request.starbleed_bitstream:72779036]
72780759: starbleed_request:[starbleed_request.starbleed_bitstream:72780758]
72781374: starbleed_request:[starbleed_request.starbleed_bitstream:72781373]
72782322: starbleed_request:[starbleed_request.starbleed_bitstream:72782321]
72782837: starbleed_request:[starbleed_request.starbleed_bitstream:72782836]
72783048: starbleed_request:[starbleed_request.starbleed_bitstream:72783047]
72783144: starbleed_request:[starbleed_request.starbleed_bitstream:72783143]
72783793: starbleed_request:[starbleed_request.starbleed_bitstream:72783792]
72784251: starbleed_request:[starbleed_request.starbleed_bitstream:72784250]
72786310: starbleed_request:[starbleed_request.starbleed_bitstream:72786309]
72787727: starbleed_request:[starbleed_request.starbleed_bitstream:72787726]
72789618: starbleed_request:[starbleed_request.starbleed_bitstream:72789617]
72791165: starbleed_request:[starbleed_request.starbleed_bitstream:72791164]
72791435: starbleed_request:[starbleed_request.starbleed_bitstream:72791434]
72791517: starbleed_request:[starbleed_request.starbleed_bitstream:72791516]
72794236: starbleed_request:[starbleed_request.starbleed_bitstream:72794235]
72795220: starbleed_request:[starbleed_request.starbleed_bitstream:72795219]
72795428: starbleed_request:[starbleed_request.starbleed_bitstream:72795427]
72795454: starbleed_request:[starbleed_request.starbleed_bitstream:72795453]
72797908: starbleed_request:[starbleed_request.starbleed_bitstream:72797907]
72798093: starbleed_request:[starbleed_request.starbleed_bitstream:72798092]
72798755: starbleed_request:[starbleed_request.starbleed_bitstream:72798754]
72799292: starbleed_request:[starbleed_request.starbleed_bitstream:72799291]
72800455: starbleed_request:[starbleed_request.starbleed_bitstream:72800454]
72800576: starbleed_request:[starbleed_request.starbleed_bitstream:72800575]



Fuzzing session completed: starbleed_2023-09-10T10-28-04.916457
index_start: 55924021, index_end: 61516423, openocd_port: 6676, openocd_bus_port: 3-7.3.3
Runtime: 7:19:51.637904
Test Summary: 637437 tests ran.
PASSED: 637437 test cases.
FAILED: 128 test cases:
56561329: starbleed_request:[starbleed_request.starbleed_bitstream:56561328]
56561331: starbleed_request:[starbleed_request.starbleed_bitstream:56561330]
56561332: starbleed_request:[starbleed_request.starbleed_bitstream:56561331]
56561333: starbleed_request:[starbleed_request.starbleed_bitstream:56561332]
56561334: starbleed_request:[starbleed_request.starbleed_bitstream:56561333]
56561335: starbleed_request:[starbleed_request.starbleed_bitstream:56561334]
56561336: starbleed_request:[starbleed_request.starbleed_bitstream:56561335]
56561337: starbleed_request:[starbleed_request.starbleed_bitstream:56561336]
56561338: starbleed_request:[starbleed_request.starbleed_bitstream:56561337]
56561339: starbleed_request:[starbleed_request.starbleed_bitstream:56561338]
56561340: starbleed_request:[starbleed_request.starbleed_bitstream:56561339]
56561341: starbleed_request:[starbleed_request.starbleed_bitstream:56561340]
56561342: starbleed_request:[starbleed_request.starbleed_bitstream:56561341]
56561343: starbleed_request:[starbleed_request.starbleed_bitstream:56561342]
56561344: starbleed_request:[starbleed_request.starbleed_bitstream:56561343]
56561345: starbleed_request:[starbleed_request.starbleed_bitstream:56561344]
56561346: starbleed_request:[starbleed_request.starbleed_bitstream:56561345]
56561347: starbleed_request:[starbleed_request.starbleed_bitstream:56561346]
56561348: starbleed_request:[starbleed_request.starbleed_bitstream:56561347]
56561349: starbleed_request:[starbleed_request.starbleed_bitstream:56561348]
56561350: starbleed_request:[starbleed_request.starbleed_bitstream:56561349]
56561351: starbleed_request:[starbleed_request.starbleed_bitstream:56561350]
56561352: starbleed_request:[starbleed_request.starbleed_bitstream:56561351]
56561353: starbleed_request:[starbleed_request.starbleed_bitstream:56561352]
56561354: starbleed_request:[starbleed_request.starbleed_bitstream:56561353]
56561355: starbleed_request:[starbleed_request.starbleed_bitstream:56561354]
56561356: starbleed_request:[starbleed_request.starbleed_bitstream:56561355]
56561357: starbleed_request:[starbleed_request.starbleed_bitstream:56561356]
56561358: starbleed_request:[starbleed_request.starbleed_bitstream:56561357]
56561359: starbleed_request:[starbleed_request.starbleed_bitstream:56561358]
56561360: starbleed_request:[starbleed_request.starbleed_bitstream:56561359]
56561361: starbleed_request:[starbleed_request.starbleed_bitstream:56561360]
56561362: starbleed_request:[starbleed_request.starbleed_bitstream:56561361]
56561363: starbleed_request:[starbleed_request.starbleed_bitstream:56561362]
56561364: starbleed_request:[starbleed_request.starbleed_bitstream:56561363]
56561365: starbleed_request:[starbleed_request.starbleed_bitstream:56561364]
56561366: starbleed_request:[starbleed_request.starbleed_bitstream:56561365]
56561367: starbleed_request:[starbleed_request.starbleed_bitstream:56561366]
56561368: starbleed_request:[starbleed_request.starbleed_bitstream:56561367]
56561369: starbleed_request:[starbleed_request.starbleed_bitstream:56561368]
56561370: starbleed_request:[starbleed_request.starbleed_bitstream:56561369]
56561371: starbleed_request:[starbleed_request.starbleed_bitstream:56561370]
56561372: starbleed_request:[starbleed_request.starbleed_bitstream:56561371]
56561373: starbleed_request:[starbleed_request.starbleed_bitstream:56561372]
56561374: starbleed_request:[starbleed_request.starbleed_bitstream:56561373]
56561375: starbleed_request:[starbleed_request.starbleed_bitstream:56561374]
56561376: starbleed_request:[starbleed_request.starbleed_bitstream:56561375]
56561377: starbleed_request:[starbleed_request.starbleed_bitstream:56561376]
56561378: starbleed_request:[starbleed_request.starbleed_bitstream:56561377]
56561379: starbleed_request:[starbleed_request.starbleed_bitstream:56561378]
56561380: starbleed_request:[starbleed_request.starbleed_bitstream:56561379]
56561381: starbleed_request:[starbleed_request.starbleed_bitstream:56561380]
56561382: starbleed_request:[starbleed_request.starbleed_bitstream:56561381]
56561383: starbleed_request:[starbleed_request.starbleed_bitstream:56561382]
56561384: starbleed_request:[starbleed_request.starbleed_bitstream:56561383]
56561385: starbleed_request:[starbleed_request.starbleed_bitstream:56561384]
56561386: starbleed_request:[starbleed_request.starbleed_bitstream:56561385]
56561387: starbleed_request:[starbleed_request.starbleed_bitstream:56561386]
56561388: starbleed_request:[starbleed_request.starbleed_bitstream:56561387]
56561389: starbleed_request:[starbleed_request.starbleed_bitstream:56561388]
56561390: starbleed_request:[starbleed_request.starbleed_bitstream:56561389]
56561391: starbleed_request:[starbleed_request.starbleed_bitstream:56561390]
56561392: starbleed_request:[starbleed_request.starbleed_bitstream:56561391]
56561393: starbleed_request:[starbleed_request.starbleed_bitstream:56561392]
56561394: starbleed_request:[starbleed_request.starbleed_bitstream:56561393]
56561395: starbleed_request:[starbleed_request.starbleed_bitstream:56561394]
56561396: starbleed_request:[starbleed_request.starbleed_bitstream:56561395]
56561397: starbleed_request:[starbleed_request.starbleed_bitstream:56561396]
56561398: starbleed_request:[starbleed_request.starbleed_bitstream:56561397]
56561399: starbleed_request:[starbleed_request.starbleed_bitstream:56561398]
56561400: starbleed_request:[starbleed_request.starbleed_bitstream:56561399]
56561401: starbleed_request:[starbleed_request.starbleed_bitstream:56561400]
56561402: starbleed_request:[starbleed_request.starbleed_bitstream:56561401]
56561403: starbleed_request:[starbleed_request.starbleed_bitstream:56561402]
56561404: starbleed_request:[starbleed_request.starbleed_bitstream:56561403]
56561405: starbleed_request:[starbleed_request.starbleed_bitstream:56561404]
56561406: starbleed_request:[starbleed_request.starbleed_bitstream:56561405]
56561407: starbleed_request:[starbleed_request.starbleed_bitstream:56561406]
56561408: starbleed_request:[starbleed_request.starbleed_bitstream:56561407]
56561409: starbleed_request:[starbleed_request.starbleed_bitstream:56561408]
56561410: starbleed_request:[starbleed_request.starbleed_bitstream:56561409]
56561411: starbleed_request:[starbleed_request.starbleed_bitstream:56561410]
56561412: starbleed_request:[starbleed_request.starbleed_bitstream:56561411]
56561413: starbleed_request:[starbleed_request.starbleed_bitstream:56561412]
56561414: starbleed_request:[starbleed_request.starbleed_bitstream:56561413]
56561415: starbleed_request:[starbleed_request.starbleed_bitstream:56561414]
56561416: starbleed_request:[starbleed_request.starbleed_bitstream:56561415]
56561417: starbleed_request:[starbleed_request.starbleed_bitstream:56561416]
56561418: starbleed_request:[starbleed_request.starbleed_bitstream:56561417]
56561419: starbleed_request:[starbleed_request.starbleed_bitstream:56561418]
56561420: starbleed_request:[starbleed_request.starbleed_bitstream:56561419]
56561421: starbleed_request:[starbleed_request.starbleed_bitstream:56561420]
56561422: starbleed_request:[starbleed_request.starbleed_bitstream:56561421]
56561423: starbleed_request:[starbleed_request.starbleed_bitstream:56561422]
56561424: starbleed_request:[starbleed_request.starbleed_bitstream:56561423]
56561425: starbleed_request:[starbleed_request.starbleed_bitstream:56561424]
56561426: starbleed_request:[starbleed_request.starbleed_bitstream:56561425]
56561427: starbleed_request:[starbleed_request.starbleed_bitstream:56561426]
56561428: starbleed_request:[starbleed_request.starbleed_bitstream:56561427]
56561429: starbleed_request:[starbleed_request.starbleed_bitstream:56561428]
56561430: starbleed_request:[starbleed_request.starbleed_bitstream:56561429]
56561431: starbleed_request:[starbleed_request.starbleed_bitstream:56561430]
56561432: starbleed_request:[starbleed_request.starbleed_bitstream:56561431]
56561433: starbleed_request:[starbleed_request.starbleed_bitstream:56561432]
56561434: starbleed_request:[starbleed_request.starbleed_bitstream:56561433]
56561435: starbleed_request:[starbleed_request.starbleed_bitstream:56561434]
56561436: starbleed_request:[starbleed_request.starbleed_bitstream:56561435]
56561437: starbleed_request:[starbleed_request.starbleed_bitstream:56561436]
56561438: starbleed_request:[starbleed_request.starbleed_bitstream:56561437]
56561439: starbleed_request:[starbleed_request.starbleed_bitstream:56561438]
56561440: starbleed_request:[starbleed_request.starbleed_bitstream:56561439]
56561441: starbleed_request:[starbleed_request.starbleed_bitstream:56561440]
56561442: starbleed_request:[starbleed_request.starbleed_bitstream:56561441]
56561443: starbleed_request:[starbleed_request.starbleed_bitstream:56561442]
56561444: starbleed_request:[starbleed_request.starbleed_bitstream:56561443]
56561445: starbleed_request:[starbleed_request.starbleed_bitstream:56561444]
56561446: starbleed_request:[starbleed_request.starbleed_bitstream:56561445]
56561447: starbleed_request:[starbleed_request.starbleed_bitstream:56561446]
56561448: starbleed_request:[starbleed_request.starbleed_bitstream:56561447]
56561449: starbleed_request:[starbleed_request.starbleed_bitstream:56561448]
56561450: starbleed_request:[starbleed_request.starbleed_bitstream:56561449]
56561451: starbleed_request:[starbleed_request.starbleed_bitstream:56561450]
56561452: starbleed_request:[starbleed_request.starbleed_bitstream:56561451]
56561453: starbleed_request:[starbleed_request.starbleed_bitstream:56561452]
56561454: starbleed_request:[starbleed_request.starbleed_bitstream:56561453]
56561455: starbleed_request:[starbleed_request.starbleed_bitstream:56561454]
56561456: starbleed_request:[starbleed_request.starbleed_bitstream:56561455]
56561457: starbleed_request:[starbleed_request.starbleed_bitstream:56561456]



Fuzzing session completed: starbleed_2023-09-10T10-28-04.912275
index_start: 22369609, index_end: 27962011, openocd_port: 6670, openocd_bus_port: 3-7.2.1
Runtime: 7:33:55.917719
Test Summary: 672333 tests ran.
PASSED: 672333 test cases.
FAILED: 128 test cases:
22873956: starbleed_request:[starbleed_request.starbleed_bitstream:22873955]
22876004: starbleed_request:[starbleed_request.starbleed_bitstream:22876003]
22878052: starbleed_request:[starbleed_request.starbleed_bitstream:22878051]
22880100: starbleed_request:[starbleed_request.starbleed_bitstream:22880099]
22882148: starbleed_request:[starbleed_request.starbleed_bitstream:22882147]
22884196: starbleed_request:[starbleed_request.starbleed_bitstream:22884195]
22886244: starbleed_request:[starbleed_request.starbleed_bitstream:22886243]
22888292: starbleed_request:[starbleed_request.starbleed_bitstream:22888291]
22890340: starbleed_request:[starbleed_request.starbleed_bitstream:22890339]
22892388: starbleed_request:[starbleed_request.starbleed_bitstream:22892387]
22894436: starbleed_request:[starbleed_request.starbleed_bitstream:22894435]
22896484: starbleed_request:[starbleed_request.starbleed_bitstream:22896483]
22898532: starbleed_request:[starbleed_request.starbleed_bitstream:22898531]
22900580: starbleed_request:[starbleed_request.starbleed_bitstream:22900579]
22902628: starbleed_request:[starbleed_request.starbleed_bitstream:22902627]
22904676: starbleed_request:[starbleed_request.starbleed_bitstream:22904675]
22906724: starbleed_request:[starbleed_request.starbleed_bitstream:22906723]
22908772: starbleed_request:[starbleed_request.starbleed_bitstream:22908771]
22910820: starbleed_request:[starbleed_request.starbleed_bitstream:22910819]
22912868: starbleed_request:[starbleed_request.starbleed_bitstream:22912867]
22914916: starbleed_request:[starbleed_request.starbleed_bitstream:22914915]
22916964: starbleed_request:[starbleed_request.starbleed_bitstream:22916963]
22919012: starbleed_request:[starbleed_request.starbleed_bitstream:22919011]
22921060: starbleed_request:[starbleed_request.starbleed_bitstream:22921059]
22923108: starbleed_request:[starbleed_request.starbleed_bitstream:22923107]
22925156: starbleed_request:[starbleed_request.starbleed_bitstream:22925155]
22927204: starbleed_request:[starbleed_request.starbleed_bitstream:22927203]
22929252: starbleed_request:[starbleed_request.starbleed_bitstream:22929251]
22931300: starbleed_request:[starbleed_request.starbleed_bitstream:22931299]
22933348: starbleed_request:[starbleed_request.starbleed_bitstream:22933347]
22935396: starbleed_request:[starbleed_request.starbleed_bitstream:22935395]
22937444: starbleed_request:[starbleed_request.starbleed_bitstream:22937443]
23005028: starbleed_request:[starbleed_request.starbleed_bitstream:23005027]
23009124: starbleed_request:[starbleed_request.starbleed_bitstream:23009123]
23011172: starbleed_request:[starbleed_request.starbleed_bitstream:23011171]
23013220: starbleed_request:[starbleed_request.starbleed_bitstream:23013219]
23017316: starbleed_request:[starbleed_request.starbleed_bitstream:23017315]
23021412: starbleed_request:[starbleed_request.starbleed_bitstream:23021411]
23023460: starbleed_request:[starbleed_request.starbleed_bitstream:23023459]
23025508: starbleed_request:[starbleed_request.starbleed_bitstream:23025507]
23027556: starbleed_request:[starbleed_request.starbleed_bitstream:23027555]
23029604: starbleed_request:[starbleed_request.starbleed_bitstream:23029603]
23031652: starbleed_request:[starbleed_request.starbleed_bitstream:23031651]
23033700: starbleed_request:[starbleed_request.starbleed_bitstream:23033699]
23035748: starbleed_request:[starbleed_request.starbleed_bitstream:23035747]
23037796: starbleed_request:[starbleed_request.starbleed_bitstream:23037795]
23039844: starbleed_request:[starbleed_request.starbleed_bitstream:23039843]
23041563: starbleed_request:[starbleed_request.starbleed_bitstream:23041562]
23041586: starbleed_request:[starbleed_request.starbleed_bitstream:23041585]
23041588: starbleed_request:[starbleed_request.starbleed_bitstream:23041587]
23041591: starbleed_request:[starbleed_request.starbleed_bitstream:23041590]
23041601: starbleed_request:[starbleed_request.starbleed_bitstream:23041600]
23041602: starbleed_request:[starbleed_request.starbleed_bitstream:23041601]
23041603: starbleed_request:[starbleed_request.starbleed_bitstream:23041602]
23041607: starbleed_request:[starbleed_request.starbleed_bitstream:23041606]
23041612: starbleed_request:[starbleed_request.starbleed_bitstream:23041611]
23041614: starbleed_request:[starbleed_request.starbleed_bitstream:23041613]
23041620: starbleed_request:[starbleed_request.starbleed_bitstream:23041619]
23041627: starbleed_request:[starbleed_request.starbleed_bitstream:23041626]
23041628: starbleed_request:[starbleed_request.starbleed_bitstream:23041627]
23041631: starbleed_request:[starbleed_request.starbleed_bitstream:23041630]
23041636: starbleed_request:[starbleed_request.starbleed_bitstream:23041635]
23041646: starbleed_request:[starbleed_request.starbleed_bitstream:23041645]
23041647: starbleed_request:[starbleed_request.starbleed_bitstream:23041646]
23041651: starbleed_request:[starbleed_request.starbleed_bitstream:23041650]
23041653: starbleed_request:[starbleed_request.starbleed_bitstream:23041652]
23041656: starbleed_request:[starbleed_request.starbleed_bitstream:23041655]
23041661: starbleed_request:[starbleed_request.starbleed_bitstream:23041660]
23041667: starbleed_request:[starbleed_request.starbleed_bitstream:23041666]
23041673: starbleed_request:[starbleed_request.starbleed_bitstream:23041672]
23041674: starbleed_request:[starbleed_request.starbleed_bitstream:23041673]
23041675: starbleed_request:[starbleed_request.starbleed_bitstream:23041674]
23041678: starbleed_request:[starbleed_request.starbleed_bitstream:23041677]
23041682: starbleed_request:[starbleed_request.starbleed_bitstream:23041681]
23041686: starbleed_request:[starbleed_request.starbleed_bitstream:23041685]
23041693: starbleed_request:[starbleed_request.starbleed_bitstream:23041692]
23041695: starbleed_request:[starbleed_request.starbleed_bitstream:23041694]
23041697: starbleed_request:[starbleed_request.starbleed_bitstream:23041696]
23041703: starbleed_request:[starbleed_request.starbleed_bitstream:23041702]
23041710: starbleed_request:[starbleed_request.starbleed_bitstream:23041709]
23041718: starbleed_request:[starbleed_request.starbleed_bitstream:23041717]
23041720: starbleed_request:[starbleed_request.starbleed_bitstream:23041719]
23041724: starbleed_request:[starbleed_request.starbleed_bitstream:23041723]
23041727: starbleed_request:[starbleed_request.starbleed_bitstream:23041726]
23041729: starbleed_request:[starbleed_request.starbleed_bitstream:23041728]
23041738: starbleed_request:[starbleed_request.starbleed_bitstream:23041737]
23041754: starbleed_request:[starbleed_request.starbleed_bitstream:23041753]
23041755: starbleed_request:[starbleed_request.starbleed_bitstream:23041754]
23041757: starbleed_request:[starbleed_request.starbleed_bitstream:23041756]
23041758: starbleed_request:[starbleed_request.starbleed_bitstream:23041757]
23041764: starbleed_request:[starbleed_request.starbleed_bitstream:23041763]
23041773: starbleed_request:[starbleed_request.starbleed_bitstream:23041772]
23041776: starbleed_request:[starbleed_request.starbleed_bitstream:23041775]
23041780: starbleed_request:[starbleed_request.starbleed_bitstream:23041779]
23041781: starbleed_request:[starbleed_request.starbleed_bitstream:23041780]
23041782: starbleed_request:[starbleed_request.starbleed_bitstream:23041781]
23041785: starbleed_request:[starbleed_request.starbleed_bitstream:23041784]
23041793: starbleed_request:[starbleed_request.starbleed_bitstream:23041792]
23041794: starbleed_request:[starbleed_request.starbleed_bitstream:23041793]
23041811: starbleed_request:[starbleed_request.starbleed_bitstream:23041810]
23041824: starbleed_request:[starbleed_request.starbleed_bitstream:23041823]
23041825: starbleed_request:[starbleed_request.starbleed_bitstream:23041824]
23041826: starbleed_request:[starbleed_request.starbleed_bitstream:23041825]
23041828: starbleed_request:[starbleed_request.starbleed_bitstream:23041827]
23041829: starbleed_request:[starbleed_request.starbleed_bitstream:23041828]
23041832: starbleed_request:[starbleed_request.starbleed_bitstream:23041831]
23041845: starbleed_request:[starbleed_request.starbleed_bitstream:23041844]
23041855: starbleed_request:[starbleed_request.starbleed_bitstream:23041854]
23041856: starbleed_request:[starbleed_request.starbleed_bitstream:23041855]
23041858: starbleed_request:[starbleed_request.starbleed_bitstream:23041857]
23041861: starbleed_request:[starbleed_request.starbleed_bitstream:23041860]
23041862: starbleed_request:[starbleed_request.starbleed_bitstream:23041861]
23041871: starbleed_request:[starbleed_request.starbleed_bitstream:23041870]
23041876: starbleed_request:[starbleed_request.starbleed_bitstream:23041875]
23041878: starbleed_request:[starbleed_request.starbleed_bitstream:23041877]
23041884: starbleed_request:[starbleed_request.starbleed_bitstream:23041883]
23041893: starbleed_request:[starbleed_request.starbleed_bitstream:23041892]
23041894: starbleed_request:[starbleed_request.starbleed_bitstream:23041893]
23041903: starbleed_request:[starbleed_request.starbleed_bitstream:23041902]
23041906: starbleed_request:[starbleed_request.starbleed_bitstream:23041905]
23041915: starbleed_request:[starbleed_request.starbleed_bitstream:23041914]
23041921: starbleed_request:[starbleed_request.starbleed_bitstream:23041920]
23041922: starbleed_request:[starbleed_request.starbleed_bitstream:23041921]
23041929: starbleed_request:[starbleed_request.starbleed_bitstream:23041928]
23041933: starbleed_request:[starbleed_request.starbleed_bitstream:23041932]
23041935: starbleed_request:[starbleed_request.starbleed_bitstream:23041934]
23041936: starbleed_request:[starbleed_request.starbleed_bitstream:23041935]
23041941: starbleed_request:[starbleed_request.starbleed_bitstream:23041940]



Fuzzing session completed: starbleed_2023-09-10T10-28-04.912257
index_start: 11184805, index_end: 16777207, openocd_port: 6668, openocd_bus_port: 3-7.1.3
Runtime: 13:42:33.314994
Test Summary: 1340693 tests ran.
PASSED: 1340693 test cases.
FAILED: 128 test cases:
11577183: starbleed_request:[starbleed_request.starbleed_bitstream:11577182]
11642719: starbleed_request:[starbleed_request.starbleed_bitstream:11642718]
11708255: starbleed_request:[starbleed_request.starbleed_bitstream:11708254]
11773791: starbleed_request:[starbleed_request.starbleed_bitstream:11773790]
12388191: starbleed_request:[starbleed_request.starbleed_bitstream:12388190]
12390239: starbleed_request:[starbleed_request.starbleed_bitstream:12390238]
12392287: starbleed_request:[starbleed_request.starbleed_bitstream:12392286]
12394335: starbleed_request:[starbleed_request.starbleed_bitstream:12394334]
12396383: starbleed_request:[starbleed_request.starbleed_bitstream:12396382]
12398431: starbleed_request:[starbleed_request.starbleed_bitstream:12398430]
12400479: starbleed_request:[starbleed_request.starbleed_bitstream:12400478]
12402527: starbleed_request:[starbleed_request.starbleed_bitstream:12402526]
12404575: starbleed_request:[starbleed_request.starbleed_bitstream:12404574]
12406623: starbleed_request:[starbleed_request.starbleed_bitstream:12406622]
12408671: starbleed_request:[starbleed_request.starbleed_bitstream:12408670]
12410719: starbleed_request:[starbleed_request.starbleed_bitstream:12410718]
12412767: starbleed_request:[starbleed_request.starbleed_bitstream:12412766]
12414815: starbleed_request:[starbleed_request.starbleed_bitstream:12414814]
12416863: starbleed_request:[starbleed_request.starbleed_bitstream:12416862]
12418911: starbleed_request:[starbleed_request.starbleed_bitstream:12418910]
12420959: starbleed_request:[starbleed_request.starbleed_bitstream:12420958]
12423007: starbleed_request:[starbleed_request.starbleed_bitstream:12423006]
12425055: starbleed_request:[starbleed_request.starbleed_bitstream:12425054]
12427103: starbleed_request:[starbleed_request.starbleed_bitstream:12427102]
12429151: starbleed_request:[starbleed_request.starbleed_bitstream:12429150]
12431199: starbleed_request:[starbleed_request.starbleed_bitstream:12431198]
12433247: starbleed_request:[starbleed_request.starbleed_bitstream:12433246]
12435295: starbleed_request:[starbleed_request.starbleed_bitstream:12435294]
12437343: starbleed_request:[starbleed_request.starbleed_bitstream:12437342]
12439391: starbleed_request:[starbleed_request.starbleed_bitstream:12439390]
12441439: starbleed_request:[starbleed_request.starbleed_bitstream:12441438]
12443487: starbleed_request:[starbleed_request.starbleed_bitstream:12443486]
12445535: starbleed_request:[starbleed_request.starbleed_bitstream:12445534]
12447583: starbleed_request:[starbleed_request.starbleed_bitstream:12447582]
12449631: starbleed_request:[starbleed_request.starbleed_bitstream:12449630]
12451679: starbleed_request:[starbleed_request.starbleed_bitstream:12451678]
12519263: starbleed_request:[starbleed_request.starbleed_bitstream:12519262]
12521311: starbleed_request:[starbleed_request.starbleed_bitstream:12521310]
12523359: starbleed_request:[starbleed_request.starbleed_bitstream:12523358]
12525088: starbleed_request:[starbleed_request.starbleed_bitstream:12525087]
12525101: starbleed_request:[starbleed_request.starbleed_bitstream:12525100]
12525103: starbleed_request:[starbleed_request.starbleed_bitstream:12525102]
12525108: starbleed_request:[starbleed_request.starbleed_bitstream:12525107]
12525117: starbleed_request:[starbleed_request.starbleed_bitstream:12525116]
12525118: starbleed_request:[starbleed_request.starbleed_bitstream:12525117]
12525124: starbleed_request:[starbleed_request.starbleed_bitstream:12525123]
12525127: starbleed_request:[starbleed_request.starbleed_bitstream:12525126]
12525128: starbleed_request:[starbleed_request.starbleed_bitstream:12525127]
12525135: starbleed_request:[starbleed_request.starbleed_bitstream:12525134]
12525137: starbleed_request:[starbleed_request.starbleed_bitstream:12525136]
12525143: starbleed_request:[starbleed_request.starbleed_bitstream:12525142]
12525148: starbleed_request:[starbleed_request.starbleed_bitstream:12525147]
12525151: starbleed_request:[starbleed_request.starbleed_bitstream:12525150]
12525152: starbleed_request:[starbleed_request.starbleed_bitstream:12525151]
12525164: starbleed_request:[starbleed_request.starbleed_bitstream:12525163]
12525169: starbleed_request:[starbleed_request.starbleed_bitstream:12525168]
12525176: starbleed_request:[starbleed_request.starbleed_bitstream:12525175]
12525178: starbleed_request:[starbleed_request.starbleed_bitstream:12525177]
12525179: starbleed_request:[starbleed_request.starbleed_bitstream:12525178]
12525186: starbleed_request:[starbleed_request.starbleed_bitstream:12525185]
12525189: starbleed_request:[starbleed_request.starbleed_bitstream:12525188]
12525190: starbleed_request:[starbleed_request.starbleed_bitstream:12525189]
12525192: starbleed_request:[starbleed_request.starbleed_bitstream:12525191]
12525197: starbleed_request:[starbleed_request.starbleed_bitstream:12525196]
12525200: starbleed_request:[starbleed_request.starbleed_bitstream:12525199]
12525201: starbleed_request:[starbleed_request.starbleed_bitstream:12525200]
12525209: starbleed_request:[starbleed_request.starbleed_bitstream:12525208]
12525212: starbleed_request:[starbleed_request.starbleed_bitstream:12525211]
12525214: starbleed_request:[starbleed_request.starbleed_bitstream:12525213]
12525218: starbleed_request:[starbleed_request.starbleed_bitstream:12525217]
12525220: starbleed_request:[starbleed_request.starbleed_bitstream:12525219]
12525233: starbleed_request:[starbleed_request.starbleed_bitstream:12525232]
12525239: starbleed_request:[starbleed_request.starbleed_bitstream:12525238]
12525241: starbleed_request:[starbleed_request.starbleed_bitstream:12525240]
12525243: starbleed_request:[starbleed_request.starbleed_bitstream:12525242]
12525244: starbleed_request:[starbleed_request.starbleed_bitstream:12525243]
12525246: starbleed_request:[starbleed_request.starbleed_bitstream:12525245]
12525253: starbleed_request:[starbleed_request.starbleed_bitstream:12525252]
12525269: starbleed_request:[starbleed_request.starbleed_bitstream:12525268]
12525279: starbleed_request:[starbleed_request.starbleed_bitstream:12525278]
12525280: starbleed_request:[starbleed_request.starbleed_bitstream:12525279]
12525281: starbleed_request:[starbleed_request.starbleed_bitstream:12525280]
12525282: starbleed_request:[starbleed_request.starbleed_bitstream:12525281]
12525295: starbleed_request:[starbleed_request.starbleed_bitstream:12525294]
12525298: starbleed_request:[starbleed_request.starbleed_bitstream:12525297]
12525299: starbleed_request:[starbleed_request.starbleed_bitstream:12525298]
12525302: starbleed_request:[starbleed_request.starbleed_bitstream:12525301]
12525305: starbleed_request:[starbleed_request.starbleed_bitstream:12525304]
12525306: starbleed_request:[starbleed_request.starbleed_bitstream:12525305]
12525309: starbleed_request:[starbleed_request.starbleed_bitstream:12525308]
12525310: starbleed_request:[starbleed_request.starbleed_bitstream:12525309]
12525336: starbleed_request:[starbleed_request.starbleed_bitstream:12525335]
12525341: starbleed_request:[starbleed_request.starbleed_bitstream:12525340]
12525342: starbleed_request:[starbleed_request.starbleed_bitstream:12525341]
12525343: starbleed_request:[starbleed_request.starbleed_bitstream:12525342]
12525347: starbleed_request:[starbleed_request.starbleed_bitstream:12525346]
12525354: starbleed_request:[starbleed_request.starbleed_bitstream:12525353]
12525355: starbleed_request:[starbleed_request.starbleed_bitstream:12525354]
12525370: starbleed_request:[starbleed_request.starbleed_bitstream:12525369]
12525372: starbleed_request:[starbleed_request.starbleed_bitstream:12525371]
12525373: starbleed_request:[starbleed_request.starbleed_bitstream:12525372]
12525379: starbleed_request:[starbleed_request.starbleed_bitstream:12525378]
12525385: starbleed_request:[starbleed_request.starbleed_bitstream:12525384]
12525386: starbleed_request:[starbleed_request.starbleed_bitstream:12525385]
12525388: starbleed_request:[starbleed_request.starbleed_bitstream:12525387]
12525391: starbleed_request:[starbleed_request.starbleed_bitstream:12525390]
12525399: starbleed_request:[starbleed_request.starbleed_bitstream:12525398]
12525401: starbleed_request:[starbleed_request.starbleed_bitstream:12525400]
12525417: starbleed_request:[starbleed_request.starbleed_bitstream:12525416]
12525418: starbleed_request:[starbleed_request.starbleed_bitstream:12525417]
12525420: starbleed_request:[starbleed_request.starbleed_bitstream:12525419]
12525421: starbleed_request:[starbleed_request.starbleed_bitstream:12525420]
12525437: starbleed_request:[starbleed_request.starbleed_bitstream:12525436]
12525438: starbleed_request:[starbleed_request.starbleed_bitstream:12525437]
12525440: starbleed_request:[starbleed_request.starbleed_bitstream:12525439]
12525446: starbleed_request:[starbleed_request.starbleed_bitstream:12525445]
12525452: starbleed_request:[starbleed_request.starbleed_bitstream:12525451]
12525458: starbleed_request:[starbleed_request.starbleed_bitstream:12525457]
12525459: starbleed_request:[starbleed_request.starbleed_bitstream:12525458]
12525463: starbleed_request:[starbleed_request.starbleed_bitstream:12525462]
12525466: starbleed_request:[starbleed_request.starbleed_bitstream:12525465]
12525468: starbleed_request:[starbleed_request.starbleed_bitstream:12525467]
12525473: starbleed_request:[starbleed_request.starbleed_bitstream:12525472]
12525474: starbleed_request:[starbleed_request.starbleed_bitstream:12525473]
12525483: starbleed_request:[starbleed_request.starbleed_bitstream:12525482]
12525487: starbleed_request:[starbleed_request.starbleed_bitstream:12525486]
12525494: starbleed_request:[starbleed_request.starbleed_bitstream:12525493]
12525497: starbleed_request:[starbleed_request.starbleed_bitstream:12525496]



Fuzzing session completed: starbleed_2023-09-10T10-28-04.911904
index_start: 1, index_end: 5592403, openocd_port: 6666, openocd_bus_port: 3-7.1.1
Runtime: 18:40:26.332837
Test Summary: 1912950 tests ran.
PASSED: 1912950 test cases.
FAILED: 128 test cases:
1113955: starbleed_request:[starbleed_request.starbleed_bitstream:1113954]
1179491: starbleed_request:[starbleed_request.starbleed_bitstream:1179490]
1245027: starbleed_request:[starbleed_request.starbleed_bitstream:1245026]
1310563: starbleed_request:[starbleed_request.starbleed_bitstream:1310562]
1902435: starbleed_request:[starbleed_request.starbleed_bitstream:1902434]
1904483: starbleed_request:[starbleed_request.starbleed_bitstream:1904482]
1906531: starbleed_request:[starbleed_request.starbleed_bitstream:1906530]
1908579: starbleed_request:[starbleed_request.starbleed_bitstream:1908578]
1910627: starbleed_request:[starbleed_request.starbleed_bitstream:1910626]
1912675: starbleed_request:[starbleed_request.starbleed_bitstream:1912674]
1912833: starbleed_request:[starbleed_request.starbleed_bitstream:1912832]
1912834: starbleed_request:[starbleed_request.starbleed_bitstream:1912833]
1912835: starbleed_request:[starbleed_request.starbleed_bitstream:1912834]
1912836: starbleed_request:[starbleed_request.starbleed_bitstream:1912835]
1912837: starbleed_request:[starbleed_request.starbleed_bitstream:1912836]
1912838: starbleed_request:[starbleed_request.starbleed_bitstream:1912837]
1912839: starbleed_request:[starbleed_request.starbleed_bitstream:1912838]
1912840: starbleed_request:[starbleed_request.starbleed_bitstream:1912839]
1912841: starbleed_request:[starbleed_request.starbleed_bitstream:1912840]
1912842: starbleed_request:[starbleed_request.starbleed_bitstream:1912841]
1912843: starbleed_request:[starbleed_request.starbleed_bitstream:1912842]
1912844: starbleed_request:[starbleed_request.starbleed_bitstream:1912843]
1912845: starbleed_request:[starbleed_request.starbleed_bitstream:1912844]
1912846: starbleed_request:[starbleed_request.starbleed_bitstream:1912845]
1912847: starbleed_request:[starbleed_request.starbleed_bitstream:1912846]
1912848: starbleed_request:[starbleed_request.starbleed_bitstream:1912847]
1912849: starbleed_request:[starbleed_request.starbleed_bitstream:1912848]
1912850: starbleed_request:[starbleed_request.starbleed_bitstream:1912849]
1912851: starbleed_request:[starbleed_request.starbleed_bitstream:1912850]
1912852: starbleed_request:[starbleed_request.starbleed_bitstream:1912851]
1912853: starbleed_request:[starbleed_request.starbleed_bitstream:1912852]
1912854: starbleed_request:[starbleed_request.starbleed_bitstream:1912853]
1912855: starbleed_request:[starbleed_request.starbleed_bitstream:1912854]
1912856: starbleed_request:[starbleed_request.starbleed_bitstream:1912855]
1912857: starbleed_request:[starbleed_request.starbleed_bitstream:1912856]
1912858: starbleed_request:[starbleed_request.starbleed_bitstream:1912857]
1912859: starbleed_request:[starbleed_request.starbleed_bitstream:1912858]
1912860: starbleed_request:[starbleed_request.starbleed_bitstream:1912859]
1912861: starbleed_request:[starbleed_request.starbleed_bitstream:1912860]
1912862: starbleed_request:[starbleed_request.starbleed_bitstream:1912861]
1912863: starbleed_request:[starbleed_request.starbleed_bitstream:1912862]
1912864: starbleed_request:[starbleed_request.starbleed_bitstream:1912863]
1912865: starbleed_request:[starbleed_request.starbleed_bitstream:1912864]
1912866: starbleed_request:[starbleed_request.starbleed_bitstream:1912865]
1912867: starbleed_request:[starbleed_request.starbleed_bitstream:1912866]
1912868: starbleed_request:[starbleed_request.starbleed_bitstream:1912867]
1912869: starbleed_request:[starbleed_request.starbleed_bitstream:1912868]
1912870: starbleed_request:[starbleed_request.starbleed_bitstream:1912869]
1912871: starbleed_request:[starbleed_request.starbleed_bitstream:1912870]
1912872: starbleed_request:[starbleed_request.starbleed_bitstream:1912871]
1912873: starbleed_request:[starbleed_request.starbleed_bitstream:1912872]
1912874: starbleed_request:[starbleed_request.starbleed_bitstream:1912873]
1912875: starbleed_request:[starbleed_request.starbleed_bitstream:1912874]
1912876: starbleed_request:[starbleed_request.starbleed_bitstream:1912875]
1912877: starbleed_request:[starbleed_request.starbleed_bitstream:1912876]
1912878: starbleed_request:[starbleed_request.starbleed_bitstream:1912877]
1912879: starbleed_request:[starbleed_request.starbleed_bitstream:1912878]
1912880: starbleed_request:[starbleed_request.starbleed_bitstream:1912879]
1912881: starbleed_request:[starbleed_request.starbleed_bitstream:1912880]
1912882: starbleed_request:[starbleed_request.starbleed_bitstream:1912881]
1912883: starbleed_request:[starbleed_request.starbleed_bitstream:1912882]
1912884: starbleed_request:[starbleed_request.starbleed_bitstream:1912883]
1912885: starbleed_request:[starbleed_request.starbleed_bitstream:1912884]
1912886: starbleed_request:[starbleed_request.starbleed_bitstream:1912885]
1912887: starbleed_request:[starbleed_request.starbleed_bitstream:1912886]
1912888: starbleed_request:[starbleed_request.starbleed_bitstream:1912887]
1912889: starbleed_request:[starbleed_request.starbleed_bitstream:1912888]
1912890: starbleed_request:[starbleed_request.starbleed_bitstream:1912889]
1912891: starbleed_request:[starbleed_request.starbleed_bitstream:1912890]
1912892: starbleed_request:[starbleed_request.starbleed_bitstream:1912891]
1912893: starbleed_request:[starbleed_request.starbleed_bitstream:1912892]
1912894: starbleed_request:[starbleed_request.starbleed_bitstream:1912893]
1912895: starbleed_request:[starbleed_request.starbleed_bitstream:1912894]
1912896: starbleed_request:[starbleed_request.starbleed_bitstream:1912895]
1912897: starbleed_request:[starbleed_request.starbleed_bitstream:1912896]
1912898: starbleed_request:[starbleed_request.starbleed_bitstream:1912897]
1912899: starbleed_request:[starbleed_request.starbleed_bitstream:1912898]
1912900: starbleed_request:[starbleed_request.starbleed_bitstream:1912899]
1912901: starbleed_request:[starbleed_request.starbleed_bitstream:1912900]
1912902: starbleed_request:[starbleed_request.starbleed_bitstream:1912901]
1912903: starbleed_request:[starbleed_request.starbleed_bitstream:1912902]
1912904: starbleed_request:[starbleed_request.starbleed_bitstream:1912903]
1912905: starbleed_request:[starbleed_request.starbleed_bitstream:1912904]
1912906: starbleed_request:[starbleed_request.starbleed_bitstream:1912905]
1912907: starbleed_request:[starbleed_request.starbleed_bitstream:1912906]
1912908: starbleed_request:[starbleed_request.starbleed_bitstream:1912907]
1912909: starbleed_request:[starbleed_request.starbleed_bitstream:1912908]
1912910: starbleed_request:[starbleed_request.starbleed_bitstream:1912909]
1912911: starbleed_request:[starbleed_request.starbleed_bitstream:1912910]
1912912: starbleed_request:[starbleed_request.starbleed_bitstream:1912911]
1912913: starbleed_request:[starbleed_request.starbleed_bitstream:1912912]
1912914: starbleed_request:[starbleed_request.starbleed_bitstream:1912913]
1912915: starbleed_request:[starbleed_request.starbleed_bitstream:1912914]
1912916: starbleed_request:[starbleed_request.starbleed_bitstream:1912915]
1912917: starbleed_request:[starbleed_request.starbleed_bitstream:1912916]
1912918: starbleed_request:[starbleed_request.starbleed_bitstream:1912917]
1912919: starbleed_request:[starbleed_request.starbleed_bitstream:1912918]
1912920: starbleed_request:[starbleed_request.starbleed_bitstream:1912919]
1912921: starbleed_request:[starbleed_request.starbleed_bitstream:1912920]
1912922: starbleed_request:[starbleed_request.starbleed_bitstream:1912921]
1912923: starbleed_request:[starbleed_request.starbleed_bitstream:1912922]
1912924: starbleed_request:[starbleed_request.starbleed_bitstream:1912923]
1912925: starbleed_request:[starbleed_request.starbleed_bitstream:1912924]
1912926: starbleed_request:[starbleed_request.starbleed_bitstream:1912925]
1912927: starbleed_request:[starbleed_request.starbleed_bitstream:1912926]
1912928: starbleed_request:[starbleed_request.starbleed_bitstream:1912927]
1912929: starbleed_request:[starbleed_request.starbleed_bitstream:1912928]
1912930: starbleed_request:[starbleed_request.starbleed_bitstream:1912929]
1912931: starbleed_request:[starbleed_request.starbleed_bitstream:1912930]
1912932: starbleed_request:[starbleed_request.starbleed_bitstream:1912931]
1912933: starbleed_request:[starbleed_request.starbleed_bitstream:1912932]
1912934: starbleed_request:[starbleed_request.starbleed_bitstream:1912933]
1912935: starbleed_request:[starbleed_request.starbleed_bitstream:1912934]
1912936: starbleed_request:[starbleed_request.starbleed_bitstream:1912935]
1912937: starbleed_request:[starbleed_request.starbleed_bitstream:1912936]
1912938: starbleed_request:[starbleed_request.starbleed_bitstream:1912937]
1912939: starbleed_request:[starbleed_request.starbleed_bitstream:1912938]
1912940: starbleed_request:[starbleed_request.starbleed_bitstream:1912939]
1912941: starbleed_request:[starbleed_request.starbleed_bitstream:1912940]
1912942: starbleed_request:[starbleed_request.starbleed_bitstream:1912941]
1912943: starbleed_request:[starbleed_request.starbleed_bitstream:1912942]
1912944: starbleed_request:[starbleed_request.starbleed_bitstream:1912943]
1912945: starbleed_request:[starbleed_request.starbleed_bitstream:1912944]
1912946: starbleed_request:[starbleed_request.starbleed_bitstream:1912945]
1912947: starbleed_request:[starbleed_request.starbleed_bitstream:1912946]
1912948: starbleed_request:[starbleed_request.starbleed_bitstream:1912947]
1912949: starbleed_request:[starbleed_request.starbleed_bitstream:1912948]
1912950: starbleed_request:[starbleed_request.starbleed_bitstream:1912949]



Fuzzing session completed: starbleed_2023-09-10T10-28-04.916410
index_start: 50331619, index_end: 55924021, openocd_port: 6675, openocd_bus_port: 3-7.3.2
Runtime: 19:45:29.100426
Test Summary: 2037583 tests ran.
PASSED: 2037583 test cases.
FAILED: 128 test cases:
52369073: starbleed_request:[starbleed_request.starbleed_bitstream:52369072]
52369075: starbleed_request:[starbleed_request.starbleed_bitstream:52369074]
52369076: starbleed_request:[starbleed_request.starbleed_bitstream:52369075]
52369077: starbleed_request:[starbleed_request.starbleed_bitstream:52369076]
52369078: starbleed_request:[starbleed_request.starbleed_bitstream:52369077]
52369079: starbleed_request:[starbleed_request.starbleed_bitstream:52369078]
52369080: starbleed_request:[starbleed_request.starbleed_bitstream:52369079]
52369081: starbleed_request:[starbleed_request.starbleed_bitstream:52369080]
52369082: starbleed_request:[starbleed_request.starbleed_bitstream:52369081]
52369083: starbleed_request:[starbleed_request.starbleed_bitstream:52369082]
52369084: starbleed_request:[starbleed_request.starbleed_bitstream:52369083]
52369085: starbleed_request:[starbleed_request.starbleed_bitstream:52369084]
52369086: starbleed_request:[starbleed_request.starbleed_bitstream:52369085]
52369087: starbleed_request:[starbleed_request.starbleed_bitstream:52369086]
52369088: starbleed_request:[starbleed_request.starbleed_bitstream:52369087]
52369089: starbleed_request:[starbleed_request.starbleed_bitstream:52369088]
52369090: starbleed_request:[starbleed_request.starbleed_bitstream:52369089]
52369091: starbleed_request:[starbleed_request.starbleed_bitstream:52369090]
52369092: starbleed_request:[starbleed_request.starbleed_bitstream:52369091]
52369093: starbleed_request:[starbleed_request.starbleed_bitstream:52369092]
52369094: starbleed_request:[starbleed_request.starbleed_bitstream:52369093]
52369095: starbleed_request:[starbleed_request.starbleed_bitstream:52369094]
52369096: starbleed_request:[starbleed_request.starbleed_bitstream:52369095]
52369097: starbleed_request:[starbleed_request.starbleed_bitstream:52369096]
52369098: starbleed_request:[starbleed_request.starbleed_bitstream:52369097]
52369099: starbleed_request:[starbleed_request.starbleed_bitstream:52369098]
52369100: starbleed_request:[starbleed_request.starbleed_bitstream:52369099]
52369101: starbleed_request:[starbleed_request.starbleed_bitstream:52369100]
52369102: starbleed_request:[starbleed_request.starbleed_bitstream:52369101]
52369103: starbleed_request:[starbleed_request.starbleed_bitstream:52369102]
52369104: starbleed_request:[starbleed_request.starbleed_bitstream:52369103]
52369105: starbleed_request:[starbleed_request.starbleed_bitstream:52369104]
52369106: starbleed_request:[starbleed_request.starbleed_bitstream:52369105]
52369107: starbleed_request:[starbleed_request.starbleed_bitstream:52369106]
52369108: starbleed_request:[starbleed_request.starbleed_bitstream:52369107]
52369109: starbleed_request:[starbleed_request.starbleed_bitstream:52369108]
52369110: starbleed_request:[starbleed_request.starbleed_bitstream:52369109]
52369111: starbleed_request:[starbleed_request.starbleed_bitstream:52369110]
52369112: starbleed_request:[starbleed_request.starbleed_bitstream:52369111]
52369113: starbleed_request:[starbleed_request.starbleed_bitstream:52369112]
52369114: starbleed_request:[starbleed_request.starbleed_bitstream:52369113]
52369115: starbleed_request:[starbleed_request.starbleed_bitstream:52369114]
52369116: starbleed_request:[starbleed_request.starbleed_bitstream:52369115]
52369117: starbleed_request:[starbleed_request.starbleed_bitstream:52369116]
52369118: starbleed_request:[starbleed_request.starbleed_bitstream:52369117]
52369119: starbleed_request:[starbleed_request.starbleed_bitstream:52369118]
52369120: starbleed_request:[starbleed_request.starbleed_bitstream:52369119]
52369121: starbleed_request:[starbleed_request.starbleed_bitstream:52369120]
52369122: starbleed_request:[starbleed_request.starbleed_bitstream:52369121]
52369123: starbleed_request:[starbleed_request.starbleed_bitstream:52369122]
52369124: starbleed_request:[starbleed_request.starbleed_bitstream:52369123]
52369125: starbleed_request:[starbleed_request.starbleed_bitstream:52369124]
52369126: starbleed_request:[starbleed_request.starbleed_bitstream:52369125]
52369127: starbleed_request:[starbleed_request.starbleed_bitstream:52369126]
52369128: starbleed_request:[starbleed_request.starbleed_bitstream:52369127]
52369129: starbleed_request:[starbleed_request.starbleed_bitstream:52369128]
52369130: starbleed_request:[starbleed_request.starbleed_bitstream:52369129]
52369131: starbleed_request:[starbleed_request.starbleed_bitstream:52369130]
52369132: starbleed_request:[starbleed_request.starbleed_bitstream:52369131]
52369133: starbleed_request:[starbleed_request.starbleed_bitstream:52369132]
52369134: starbleed_request:[starbleed_request.starbleed_bitstream:52369133]
52369135: starbleed_request:[starbleed_request.starbleed_bitstream:52369134]
52369136: starbleed_request:[starbleed_request.starbleed_bitstream:52369135]
52369137: starbleed_request:[starbleed_request.starbleed_bitstream:52369136]
52369138: starbleed_request:[starbleed_request.starbleed_bitstream:52369137]
52369139: starbleed_request:[starbleed_request.starbleed_bitstream:52369138]
52369140: starbleed_request:[starbleed_request.starbleed_bitstream:52369139]
52369141: starbleed_request:[starbleed_request.starbleed_bitstream:52369140]
52369142: starbleed_request:[starbleed_request.starbleed_bitstream:52369141]
52369143: starbleed_request:[starbleed_request.starbleed_bitstream:52369142]
52369144: starbleed_request:[starbleed_request.starbleed_bitstream:52369143]
52369145: starbleed_request:[starbleed_request.starbleed_bitstream:52369144]
52369146: starbleed_request:[starbleed_request.starbleed_bitstream:52369145]
52369147: starbleed_request:[starbleed_request.starbleed_bitstream:52369146]
52369148: starbleed_request:[starbleed_request.starbleed_bitstream:52369147]
52369149: starbleed_request:[starbleed_request.starbleed_bitstream:52369148]
52369150: starbleed_request:[starbleed_request.starbleed_bitstream:52369149]
52369151: starbleed_request:[starbleed_request.starbleed_bitstream:52369150]
52369152: starbleed_request:[starbleed_request.starbleed_bitstream:52369151]
52369153: starbleed_request:[starbleed_request.starbleed_bitstream:52369152]
52369154: starbleed_request:[starbleed_request.starbleed_bitstream:52369153]
52369155: starbleed_request:[starbleed_request.starbleed_bitstream:52369154]
52369156: starbleed_request:[starbleed_request.starbleed_bitstream:52369155]
52369157: starbleed_request:[starbleed_request.starbleed_bitstream:52369156]
52369158: starbleed_request:[starbleed_request.starbleed_bitstream:52369157]
52369159: starbleed_request:[starbleed_request.starbleed_bitstream:52369158]
52369160: starbleed_request:[starbleed_request.starbleed_bitstream:52369159]
52369161: starbleed_request:[starbleed_request.starbleed_bitstream:52369160]
52369162: starbleed_request:[starbleed_request.starbleed_bitstream:52369161]
52369163: starbleed_request:[starbleed_request.starbleed_bitstream:52369162]
52369164: starbleed_request:[starbleed_request.starbleed_bitstream:52369163]
52369165: starbleed_request:[starbleed_request.starbleed_bitstream:52369164]
52369166: starbleed_request:[starbleed_request.starbleed_bitstream:52369165]
52369167: starbleed_request:[starbleed_request.starbleed_bitstream:52369166]
52369168: starbleed_request:[starbleed_request.starbleed_bitstream:52369167]
52369169: starbleed_request:[starbleed_request.starbleed_bitstream:52369168]
52369170: starbleed_request:[starbleed_request.starbleed_bitstream:52369169]
52369171: starbleed_request:[starbleed_request.starbleed_bitstream:52369170]
52369172: starbleed_request:[starbleed_request.starbleed_bitstream:52369171]
52369173: starbleed_request:[starbleed_request.starbleed_bitstream:52369172]
52369174: starbleed_request:[starbleed_request.starbleed_bitstream:52369173]
52369175: starbleed_request:[starbleed_request.starbleed_bitstream:52369174]
52369176: starbleed_request:[starbleed_request.starbleed_bitstream:52369175]
52369177: starbleed_request:[starbleed_request.starbleed_bitstream:52369176]
52369178: starbleed_request:[starbleed_request.starbleed_bitstream:52369177]
52369179: starbleed_request:[starbleed_request.starbleed_bitstream:52369178]
52369180: starbleed_request:[starbleed_request.starbleed_bitstream:52369179]
52369181: starbleed_request:[starbleed_request.starbleed_bitstream:52369180]
52369182: starbleed_request:[starbleed_request.starbleed_bitstream:52369181]
52369183: starbleed_request:[starbleed_request.starbleed_bitstream:52369182]
52369184: starbleed_request:[starbleed_request.starbleed_bitstream:52369183]
52369185: starbleed_request:[starbleed_request.starbleed_bitstream:52369184]
52369186: starbleed_request:[starbleed_request.starbleed_bitstream:52369185]
52369187: starbleed_request:[starbleed_request.starbleed_bitstream:52369186]
52369188: starbleed_request:[starbleed_request.starbleed_bitstream:52369187]
52369189: starbleed_request:[starbleed_request.starbleed_bitstream:52369188]
52369190: starbleed_request:[starbleed_request.starbleed_bitstream:52369189]
52369191: starbleed_request:[starbleed_request.starbleed_bitstream:52369190]
52369192: starbleed_request:[starbleed_request.starbleed_bitstream:52369191]
52369193: starbleed_request:[starbleed_request.starbleed_bitstream:52369192]
52369194: starbleed_request:[starbleed_request.starbleed_bitstream:52369193]
52369195: starbleed_request:[starbleed_request.starbleed_bitstream:52369194]
52369196: starbleed_request:[starbleed_request.starbleed_bitstream:52369195]
52369197: starbleed_request:[starbleed_request.starbleed_bitstream:52369196]
52369198: starbleed_request:[starbleed_request.starbleed_bitstream:52369197]
52369199: starbleed_request:[starbleed_request.starbleed_bitstream:52369198]
52369200: starbleed_request:[starbleed_request.starbleed_bitstream:52369199]
52369201: starbleed_request:[starbleed_request.starbleed_bitstream:52369200]



Fuzzing session completed: starbleed_2023-09-10T10-28-04.913290
index_start: 5592403, index_end: 11184805, openocd_port: 6667, openocd_bus_port: 3-7.1.2
Runtime: 1 day, 1:05:51.363059
Test Summary: 2736900 tests ran.
PASSED: 2736900 test cases.
FAILED: 128 test cases:
7395170: starbleed_request:[starbleed_request.starbleed_bitstream:7395169]
7460706: starbleed_request:[starbleed_request.starbleed_bitstream:7460705]
7526242: starbleed_request:[starbleed_request.starbleed_bitstream:7526241]
7591778: starbleed_request:[starbleed_request.starbleed_bitstream:7591777]
8193890: starbleed_request:[starbleed_request.starbleed_bitstream:8193889]
8195938: starbleed_request:[starbleed_request.starbleed_bitstream:8195937]
8197986: starbleed_request:[starbleed_request.starbleed_bitstream:8197985]
8200034: starbleed_request:[starbleed_request.starbleed_bitstream:8200033]
8202082: starbleed_request:[starbleed_request.starbleed_bitstream:8202081]
8204130: starbleed_request:[starbleed_request.starbleed_bitstream:8204129]
8206178: starbleed_request:[starbleed_request.starbleed_bitstream:8206177]
8208226: starbleed_request:[starbleed_request.starbleed_bitstream:8208225]
8210274: starbleed_request:[starbleed_request.starbleed_bitstream:8210273]
8212322: starbleed_request:[starbleed_request.starbleed_bitstream:8212321]
8214370: starbleed_request:[starbleed_request.starbleed_bitstream:8214369]
8216418: starbleed_request:[starbleed_request.starbleed_bitstream:8216417]
8218466: starbleed_request:[starbleed_request.starbleed_bitstream:8218465]
8220514: starbleed_request:[starbleed_request.starbleed_bitstream:8220513]
8222562: starbleed_request:[starbleed_request.starbleed_bitstream:8222561]
8224610: starbleed_request:[starbleed_request.starbleed_bitstream:8224609]
8226658: starbleed_request:[starbleed_request.starbleed_bitstream:8226657]
8228706: starbleed_request:[starbleed_request.starbleed_bitstream:8228705]
8230754: starbleed_request:[starbleed_request.starbleed_bitstream:8230753]
8232802: starbleed_request:[starbleed_request.starbleed_bitstream:8232801]
8234850: starbleed_request:[starbleed_request.starbleed_bitstream:8234849]
8236898: starbleed_request:[starbleed_request.starbleed_bitstream:8236897]
8238946: starbleed_request:[starbleed_request.starbleed_bitstream:8238945]
8240994: starbleed_request:[starbleed_request.starbleed_bitstream:8240993]
8243042: starbleed_request:[starbleed_request.starbleed_bitstream:8243041]
8245090: starbleed_request:[starbleed_request.starbleed_bitstream:8245089]
8247138: starbleed_request:[starbleed_request.starbleed_bitstream:8247137]
8249186: starbleed_request:[starbleed_request.starbleed_bitstream:8249185]
8251234: starbleed_request:[starbleed_request.starbleed_bitstream:8251233]
8253282: starbleed_request:[starbleed_request.starbleed_bitstream:8253281]
8255330: starbleed_request:[starbleed_request.starbleed_bitstream:8255329]
8257378: starbleed_request:[starbleed_request.starbleed_bitstream:8257377]
8324962: starbleed_request:[starbleed_request.starbleed_bitstream:8324961]
8327010: starbleed_request:[starbleed_request.starbleed_bitstream:8327009]
8329058: starbleed_request:[starbleed_request.starbleed_bitstream:8329057]
8329214: starbleed_request:[starbleed_request.starbleed_bitstream:8329213]
8329215: starbleed_request:[starbleed_request.starbleed_bitstream:8329214]
8329216: starbleed_request:[starbleed_request.starbleed_bitstream:8329215]
8329217: starbleed_request:[starbleed_request.starbleed_bitstream:8329216]
8329218: starbleed_request:[starbleed_request.starbleed_bitstream:8329217]
8329219: starbleed_request:[starbleed_request.starbleed_bitstream:8329218]
8329220: starbleed_request:[starbleed_request.starbleed_bitstream:8329219]
8329221: starbleed_request:[starbleed_request.starbleed_bitstream:8329220]
8329222: starbleed_request:[starbleed_request.starbleed_bitstream:8329221]
8329223: starbleed_request:[starbleed_request.starbleed_bitstream:8329222]
8329224: starbleed_request:[starbleed_request.starbleed_bitstream:8329223]
8329225: starbleed_request:[starbleed_request.starbleed_bitstream:8329224]
8329226: starbleed_request:[starbleed_request.starbleed_bitstream:8329225]
8329227: starbleed_request:[starbleed_request.starbleed_bitstream:8329226]
8329228: starbleed_request:[starbleed_request.starbleed_bitstream:8329227]
8329229: starbleed_request:[starbleed_request.starbleed_bitstream:8329228]
8329230: starbleed_request:[starbleed_request.starbleed_bitstream:8329229]
8329231: starbleed_request:[starbleed_request.starbleed_bitstream:8329230]
8329232: starbleed_request:[starbleed_request.starbleed_bitstream:8329231]
8329233: starbleed_request:[starbleed_request.starbleed_bitstream:8329232]
8329234: starbleed_request:[starbleed_request.starbleed_bitstream:8329233]
8329235: starbleed_request:[starbleed_request.starbleed_bitstream:8329234]
8329236: starbleed_request:[starbleed_request.starbleed_bitstream:8329235]
8329237: starbleed_request:[starbleed_request.starbleed_bitstream:8329236]
8329238: starbleed_request:[starbleed_request.starbleed_bitstream:8329237]
8329239: starbleed_request:[starbleed_request.starbleed_bitstream:8329238]
8329240: starbleed_request:[starbleed_request.starbleed_bitstream:8329239]
8329241: starbleed_request:[starbleed_request.starbleed_bitstream:8329240]
8329242: starbleed_request:[starbleed_request.starbleed_bitstream:8329241]
8329243: starbleed_request:[starbleed_request.starbleed_bitstream:8329242]
8329244: starbleed_request:[starbleed_request.starbleed_bitstream:8329243]
8329245: starbleed_request:[starbleed_request.starbleed_bitstream:8329244]
8329246: starbleed_request:[starbleed_request.starbleed_bitstream:8329245]
8329247: starbleed_request:[starbleed_request.starbleed_bitstream:8329246]
8329248: starbleed_request:[starbleed_request.starbleed_bitstream:8329247]
8329249: starbleed_request:[starbleed_request.starbleed_bitstream:8329248]
8329250: starbleed_request:[starbleed_request.starbleed_bitstream:8329249]
8329251: starbleed_request:[starbleed_request.starbleed_bitstream:8329250]
8329252: starbleed_request:[starbleed_request.starbleed_bitstream:8329251]
8329253: starbleed_request:[starbleed_request.starbleed_bitstream:8329252]
8329254: starbleed_request:[starbleed_request.starbleed_bitstream:8329253]
8329255: starbleed_request:[starbleed_request.starbleed_bitstream:8329254]
8329256: starbleed_request:[starbleed_request.starbleed_bitstream:8329255]
8329257: starbleed_request:[starbleed_request.starbleed_bitstream:8329256]
8329258: starbleed_request:[starbleed_request.starbleed_bitstream:8329257]
8329259: starbleed_request:[starbleed_request.starbleed_bitstream:8329258]
8329260: starbleed_request:[starbleed_request.starbleed_bitstream:8329259]
8329261: starbleed_request:[starbleed_request.starbleed_bitstream:8329260]
8329262: starbleed_request:[starbleed_request.starbleed_bitstream:8329261]
8329263: starbleed_request:[starbleed_request.starbleed_bitstream:8329262]
8329264: starbleed_request:[starbleed_request.starbleed_bitstream:8329263]
8329265: starbleed_request:[starbleed_request.starbleed_bitstream:8329264]
8329266: starbleed_request:[starbleed_request.starbleed_bitstream:8329265]
8329267: starbleed_request:[starbleed_request.starbleed_bitstream:8329266]
8329268: starbleed_request:[starbleed_request.starbleed_bitstream:8329267]
8329269: starbleed_request:[starbleed_request.starbleed_bitstream:8329268]
8329270: starbleed_request:[starbleed_request.starbleed_bitstream:8329269]
8329271: starbleed_request:[starbleed_request.starbleed_bitstream:8329270]
8329272: starbleed_request:[starbleed_request.starbleed_bitstream:8329271]
8329273: starbleed_request:[starbleed_request.starbleed_bitstream:8329272]
8329274: starbleed_request:[starbleed_request.starbleed_bitstream:8329273]
8329275: starbleed_request:[starbleed_request.starbleed_bitstream:8329274]
8329276: starbleed_request:[starbleed_request.starbleed_bitstream:8329275]
8329277: starbleed_request:[starbleed_request.starbleed_bitstream:8329276]
8329278: starbleed_request:[starbleed_request.starbleed_bitstream:8329277]
8329279: starbleed_request:[starbleed_request.starbleed_bitstream:8329278]
8329280: starbleed_request:[starbleed_request.starbleed_bitstream:8329279]
8329281: starbleed_request:[starbleed_request.starbleed_bitstream:8329280]
8329282: starbleed_request:[starbleed_request.starbleed_bitstream:8329281]
8329283: starbleed_request:[starbleed_request.starbleed_bitstream:8329282]
8329284: starbleed_request:[starbleed_request.starbleed_bitstream:8329283]
8329285: starbleed_request:[starbleed_request.starbleed_bitstream:8329284]
8329286: starbleed_request:[starbleed_request.starbleed_bitstream:8329285]
8329287: starbleed_request:[starbleed_request.starbleed_bitstream:8329286]
8329288: starbleed_request:[starbleed_request.starbleed_bitstream:8329287]
8329289: starbleed_request:[starbleed_request.starbleed_bitstream:8329288]
8329290: starbleed_request:[starbleed_request.starbleed_bitstream:8329289]
8329291: starbleed_request:[starbleed_request.starbleed_bitstream:8329290]
8329292: starbleed_request:[starbleed_request.starbleed_bitstream:8329291]
8329293: starbleed_request:[starbleed_request.starbleed_bitstream:8329292]
8329294: starbleed_request:[starbleed_request.starbleed_bitstream:8329293]
8329295: starbleed_request:[starbleed_request.starbleed_bitstream:8329294]
8329296: starbleed_request:[starbleed_request.starbleed_bitstream:8329295]
8329297: starbleed_request:[starbleed_request.starbleed_bitstream:8329296]
8329298: starbleed_request:[starbleed_request.starbleed_bitstream:8329297]
8329299: starbleed_request:[starbleed_request.starbleed_bitstream:8329298]
8329300: starbleed_request:[starbleed_request.starbleed_bitstream:8329299]
8329301: starbleed_request:[starbleed_request.starbleed_bitstream:8329300]
8329302: starbleed_request:[starbleed_request.starbleed_bitstream:8329301]



Fuzzing session completed: starbleed_2023-09-10T10-28-04.915190
index_start: 39146815, index_end: 44739217, openocd_port: 6673, openocd_bus_port: 3-7.2.4
Runtime: 1 day, 21:56:15.378611
Test Summary: 5592403 tests ran.
PASSED: 5592403 test cases.



Fuzzing session completed: starbleed_2023-09-10T10-28-04.915351
index_start: 44739217, index_end: 50331619, openocd_port: 6674, openocd_bus_port: 3-7.3.1
Runtime: 1 day, 21:58:07.956720
Test Summary: 5592403 tests ran.
PASSED: 5592403 test cases.



Fuzzing session completed: starbleed_2023-09-10T10-28-04.914909
index_start: 33554413, index_end: 39146815, openocd_port: 6672, openocd_bus_port: 3-7.2.3
Runtime: 1 day, 22:00:47.696937
Test Summary: 5592403 tests ran.
PASSED: 5592403 test cases.



Fuzzing session completed: starbleed_2023-09-10T10-28-04.912417
index_start: 27962011, index_end: 33554413, openocd_port: 6671, openocd_bus_port: 3-7.2.2
Runtime: 1 day, 22:02:58.914392
Test Summary: 5592403 tests ran.
PASSED: 5592403 test cases.



Fuzzing session completed: starbleed_2023-09-10T10-28-04.912318
index_start: 16777207, index_end: 22369609, openocd_port: 6669, openocd_bus_port: 3-7.1.4
Runtime: 1 day, 22:07:53.953763
Test Summary: 5592403 tests ran.
PASSED: 5592403 test cases.
FAILED: 4 test cases:
22032228: starbleed_request:[starbleed_request.starbleed_bitstream:22032227]
22097764: starbleed_request:[starbleed_request.starbleed_bitstream:22097763]
22163300: starbleed_request:[starbleed_request.starbleed_bitstream:22163299]
22228836: starbleed_request:[starbleed_request.starbleed_bitstream:22228835]



Fuzzing session completed: starbleed_2023-09-10T10-28-04.918437
index_start: 78293629, index_end: 83886030, openocd_port: 6680, openocd_bus_port: 3-7.4.3
Runtime: 1 day, 22:12:02.085988
Test Summary: 5592402 tests ran.
PASSED: 5592402 test cases.



real	2782m23,247s
user	5033m47,214s
sys	184m17,067s
