Counting test cases...
524287 test cases found

test_cases_per_board: 34952, rest: 7
board: 0, index_start: 1, index_end: 34953, openocd_port: 6666, openocd_bus_port: 3-1
board: 1, index_start: 34953, index_end: 69905, openocd_port: 6667, openocd_bus_port: 3-5.2
board: 2, index_start: 69905, index_end: 104857, openocd_port: 6668, openocd_bus_port: 3-5.3
board: 3, index_start: 104857, index_end: 139809, openocd_port: 6669, openocd_bus_port: 3-5.4
board: 4, index_start: 139809, index_end: 174761, openocd_port: 6670, openocd_bus_port: 3-7.1.1
board: 5, index_start: 174761, index_end: 209713, openocd_port: 6671, openocd_bus_port: 3-7.1.2
board: 6, index_start: 209713, index_end: 244665, openocd_port: 6672, openocd_bus_port: 3-7.1.3
board: 7, index_start: 244665, index_end: 279616, openocd_port: 6673, openocd_bus_port: 3-7.1.4
board: 8, index_start: 279617, index_end: 314568, openocd_port: 6674, openocd_bus_port: 3-7.2.1
board: 9, index_start: 314569, index_end: 349520, openocd_port: 6675, openocd_bus_port: 3-7.2.2
board: 10, index_start: 349521, index_end: 384472, openocd_port: 6676, openocd_bus_port: 3-7.2.3
board: 11, index_start: 384473, index_end: 419424, openocd_port: 6677, openocd_bus_port: 3-7.2.4
board: 12, index_start: 419425, index_end: 454376, openocd_port: 6678, openocd_bus_port: 3-7.4.1
board: 13, index_start: 454377, index_end: 489328, openocd_port: 6679, openocd_bus_port: 3-7.4.2
board: 14, index_start: 489329, index_end: 524280, openocd_port: 6680, openocd_bus_port: 3-7.4.3

Fuzzing session completed: unknown_register_25_first_four_bits_2023-09-07T11-57-40.594050
index_start: 1, index_end: 34953, openocd_port: 6666, openocd_bus_port: 3-1
Runtime: 0:14:45.116257
Test Summary: 34953 tests ran.
PASSED: 34953 test cases.



Fuzzing session completed: unknown_register_25_first_four_bits_2023-09-07T11-57-40.594043
index_start: 34953, index_end: 69905, openocd_port: 6667, openocd_bus_port: 3-5.2
Runtime: 0:15:11.135004
Test Summary: 34953 tests ran.
PASSED: 34953 test cases.



Fuzzing session completed: unknown_register_25_first_four_bits_2023-09-07T11-57-40.594256
index_start: 69905, index_end: 104857, openocd_port: 6668, openocd_bus_port: 3-5.3
Runtime: 0:15:18.993155
Test Summary: 34953 tests ran.
PASSED: 34953 test cases.



Fuzzing session completed: unknown_register_25_first_four_bits_2023-09-07T11-57-40.594204
index_start: 104857, index_end: 139809, openocd_port: 6669, openocd_bus_port: 3-5.4
Runtime: 0:15:21.192073
Test Summary: 34953 tests ran.
PASSED: 34953 test cases.



Fuzzing session completed: unknown_register_25_first_four_bits_2023-09-07T11-57-40.594197
index_start: 139809, index_end: 174761, openocd_port: 6670, openocd_bus_port: 3-7.1.1
Runtime: 0:16:57.298766
Test Summary: 34953 tests ran.
PASSED: 34953 test cases.



Fuzzing session completed: unknown_register_25_first_four_bits_2023-09-07T11-57-40.597180
index_start: 279617, index_end: 314568, openocd_port: 6674, openocd_bus_port: 3-7.2.1
Runtime: 0:16:59.051710
Test Summary: 34952 tests ran.
PASSED: 34952 test cases.



Fuzzing session completed: unknown_register_25_first_four_bits_2023-09-07T11-57-40.594108
index_start: 174761, index_end: 209713, openocd_port: 6671, openocd_bus_port: 3-7.1.2
Runtime: 0:16:59.756930
Test Summary: 34953 tests ran.
PASSED: 34953 test cases.



Fuzzing session completed: unknown_register_25_first_four_bits_2023-09-07T11-57-40.597797
index_start: 314569, index_end: 349520, openocd_port: 6675, openocd_bus_port: 3-7.2.2
Runtime: 0:17:02.454271
Test Summary: 34952 tests ran.
PASSED: 34952 test cases.



Fuzzing session completed: unknown_register_25_first_four_bits_2023-09-07T11-57-40.594385
index_start: 209713, index_end: 244665, openocd_port: 6672, openocd_bus_port: 3-7.1.3
Runtime: 0:17:03.687559
Test Summary: 34953 tests ran.
PASSED: 34953 test cases.



Fuzzing session completed: unknown_register_25_first_four_bits_2023-09-07T11-57-40.598045
index_start: 419425, index_end: 454376, openocd_port: 6678, openocd_bus_port: 3-7.4.1
Runtime: 0:17:05.924594
Test Summary: 34952 tests ran.
PASSED: 34952 test cases.



Fuzzing session completed: unknown_register_25_first_four_bits_2023-09-07T11-57-40.597888
index_start: 349521, index_end: 384472, openocd_port: 6676, openocd_bus_port: 3-7.2.3
Runtime: 0:17:08.777657
Test Summary: 34952 tests ran.
PASSED: 34952 test cases.



Fuzzing session completed: unknown_register_25_first_four_bits_2023-09-07T11-57-40.594280
index_start: 244665, index_end: 279616, openocd_port: 6673, openocd_bus_port: 3-7.1.4
Runtime: 0:17:09.804449
Test Summary: 34952 tests ran.
PASSED: 34952 test cases.



Fuzzing session completed: unknown_register_25_first_four_bits_2023-09-07T11-57-40.598138
index_start: 454377, index_end: 489328, openocd_port: 6679, openocd_bus_port: 3-7.4.2
Runtime: 0:17:14.264610
Test Summary: 34952 tests ran.
PASSED: 34952 test cases.



Fuzzing session completed: unknown_register_25_first_four_bits_2023-09-07T11-57-40.597894
index_start: 384473, index_end: 419424, openocd_port: 6677, openocd_bus_port: 3-7.2.4
Runtime: 0:17:17.565686
Test Summary: 34952 tests ran.
PASSED: 34952 test cases.



Fuzzing session completed: unknown_register_25_first_four_bits_2023-09-07T11-57-40.598624
index_start: 489329, index_end: 524280, openocd_port: 6680, openocd_bus_port: 3-7.4.3
Runtime: 0:17:20.529259
Test Summary: 34952 tests ran.
PASSED: 34952 test cases.



real	17m26,453s
user	37m58,373s
sys	1m51,575s
