Counting test cases...
524287 test cases found

test_cases_per_board: 34952, rest: 7
board: 0, index_start: 1, index_end: 34953, openocd_port: 6666, openocd_bus_port: 3-1.3.4
board: 1, index_start: 34953, index_end: 69905, openocd_port: 6667, openocd_bus_port: 3-1.4.3
board: 2, index_start: 69905, index_end: 104857, openocd_port: 6668, openocd_bus_port: 3-1.2.4
board: 3, index_start: 104857, index_end: 139809, openocd_port: 6669, openocd_bus_port: 3-1.3.3
board: 4, index_start: 139809, index_end: 174761, openocd_port: 6670, openocd_bus_port: 3-1.4.2
board: 5, index_start: 174761, index_end: 209713, openocd_port: 6671, openocd_bus_port: 3-1.1.4
board: 6, index_start: 209713, index_end: 244665, openocd_port: 6672, openocd_bus_port: 3-1.2.3
board: 7, index_start: 244665, index_end: 279616, openocd_port: 6673, openocd_bus_port: 3-1.3.2
board: 8, index_start: 279617, index_end: 314568, openocd_port: 6674, openocd_bus_port: 3-1.4.1
board: 9, index_start: 314569, index_end: 349520, openocd_port: 6675, openocd_bus_port: 3-1.1.3
board: 10, index_start: 349521, index_end: 384472, openocd_port: 6676, openocd_bus_port: 3-1.2.2
board: 11, index_start: 384473, index_end: 419424, openocd_port: 6677, openocd_bus_port: 3-1.3.1
board: 12, index_start: 419425, index_end: 454376, openocd_port: 6678, openocd_bus_port: 3-1.1.2
board: 13, index_start: 454377, index_end: 489328, openocd_port: 6679, openocd_bus_port: 3-1.2.1
board: 14, index_start: 489329, index_end: 524280, openocd_port: 6680, openocd_bus_port: 3-1.1.1

Fuzzing session completed: unknown_register_30_2023-08-26T17-20-39.223329
Runtime: 0:20:36.024352
Test Summary: 34953 tests ran.
PASSED: 34953 test cases.


Fuzzing session completed: unknown_register_30_2023-08-26T17-20-39.223205
Runtime: 0:20:40.787133
Test Summary: 34953 tests ran.
PASSED: 34953 test cases.


Fuzzing session completed: unknown_register_30_2023-08-26T17-20-39.223606
Runtime: 0:20:41.605702
Test Summary: 34953 tests ran.
PASSED: 34953 test cases.


Fuzzing session completed: unknown_register_30_2023-08-26T17-20-39.223390
Runtime: 0:20:41.688925
Test Summary: 34953 tests ran.
PASSED: 34953 test cases.


Fuzzing session completed: unknown_register_30_2023-08-26T17-20-39.223388
Runtime: 0:20:41.870637
Test Summary: 34953 tests ran.
PASSED: 34953 test cases.


Fuzzing session completed: unknown_register_30_2023-08-26T17-20-39.229930
Runtime: 0:20:48.406243
Test Summary: 34952 tests ran.
PASSED: 34952 test cases.


Fuzzing session completed: unknown_register_30_2023-08-26T17-20-39.227773
Runtime: 0:20:50.124078
Test Summary: 34952 tests ran.
PASSED: 34952 test cases.


Fuzzing session completed: unknown_register_30_2023-08-26T17-20-39.226750
Runtime: 0:20:50.670629
Test Summary: 34952 tests ran.
PASSED: 34952 test cases.


Fuzzing session completed: unknown_register_30_2023-08-26T17-20-39.226776
Runtime: 0:20:52.572375
Test Summary: 34952 tests ran.
PASSED: 34952 test cases.


Fuzzing session completed: unknown_register_30_2023-08-26T17-20-39.226953
Runtime: 0:20:52.641287
Test Summary: 34952 tests ran.
PASSED: 34952 test cases.


Fuzzing session completed: unknown_register_30_2023-08-26T17-20-39.227168
Runtime: 0:20:53.014292
Test Summary: 34952 tests ran.
PASSED: 34952 test cases.


Fuzzing session completed: unknown_register_30_2023-08-26T17-20-39.226767
Runtime: 0:20:54.464573
Test Summary: 34952 tests ran.
PASSED: 34952 test cases.


Fuzzing session completed: unknown_register_30_2023-08-26T17-20-39.223803
Runtime: 0:20:55.843290
Test Summary: 34952 tests ran.
PASSED: 34952 test cases.


Fuzzing session completed: unknown_register_30_2023-08-26T17-20-39.224312
Runtime: 0:20:56.038489
Test Summary: 34953 tests ran.
PASSED: 34953 test cases.


Fuzzing session completed: unknown_register_30_2023-08-26T17-20-39.223904
Runtime: 0:20:57.103524
Test Summary: 34953 tests ran.
PASSED: 34953 test cases.


real	21m4,488s
user	62m28,310s
sys	3m32,576s
