Counting test cases...
524287 test cases found

test_cases_per_board: 34952, rest: 7
board: 0, index_start: 1, index_end: 34953, openocd_port: 6666, openocd_bus_port: 3-1.3.4
board: 1, index_start: 34953, index_end: 69905, openocd_port: 6667, openocd_bus_port: 3-1.4.3
board: 2, index_start: 69905, index_end: 104857, openocd_port: 6668, openocd_bus_port: 3-1.2.4
board: 3, index_start: 104857, index_end: 139809, openocd_port: 6669, openocd_bus_port: 3-1.3.3
board: 4, index_start: 139809, index_end: 174761, openocd_port: 6670, openocd_bus_port: 3-1.4.2
board: 5, index_start: 174761, index_end: 209713, openocd_port: 6671, openocd_bus_port: 3-1.1.4
board: 6, index_start: 209713, index_end: 244665, openocd_port: 6672, openocd_bus_port: 3-1.2.3
board: 7, index_start: 244665, index_end: 279616, openocd_port: 6673, openocd_bus_port: 3-1.3.2
board: 8, index_start: 279617, index_end: 314568, openocd_port: 6674, openocd_bus_port: 3-1.4.1
board: 9, index_start: 314569, index_end: 349520, openocd_port: 6675, openocd_bus_port: 3-1.1.3
board: 10, index_start: 349521, index_end: 384472, openocd_port: 6676, openocd_bus_port: 3-1.2.2
board: 11, index_start: 384473, index_end: 419424, openocd_port: 6677, openocd_bus_port: 3-1.3.1
board: 12, index_start: 419425, index_end: 454376, openocd_port: 6678, openocd_bus_port: 3-1.1.2
board: 13, index_start: 454377, index_end: 489328, openocd_port: 6679, openocd_bus_port: 3-1.2.1
board: 14, index_start: 489329, index_end: 524280, openocd_port: 6680, openocd_bus_port: 3-1.1.1

Fuzzing session completed: unknown_register_29_2023-08-29T11-42-50.755136
Runtime: 0:20:29.799304
Test Summary: 34953 tests ran.
PASSED: 34953 test cases.


Fuzzing session completed: unknown_register_29_2023-08-29T11-42-50.755176
Runtime: 0:20:31.612076
Test Summary: 34953 tests ran.
PASSED: 34953 test cases.


Fuzzing session completed: unknown_register_29_2023-08-29T11-42-50.755229
Runtime: 0:20:33.281201
Test Summary: 34953 tests ran.
PASSED: 34953 test cases.


Fuzzing session completed: unknown_register_29_2023-08-29T11-42-50.755130
Runtime: 0:20:33.289138
Test Summary: 34953 tests ran.
PASSED: 34953 test cases.


Fuzzing session completed: unknown_register_29_2023-08-29T11-42-50.755129
Runtime: 0:20:33.514379
Test Summary: 34953 tests ran.
PASSED: 34953 test cases.


Fuzzing session completed: unknown_register_29_2023-08-29T11-42-50.760230
Runtime: 0:20:37.908572
Test Summary: 34952 tests ran.
PASSED: 34952 test cases.


Fuzzing session completed: unknown_register_29_2023-08-29T11-42-50.759775
Runtime: 0:20:39.577869
Test Summary: 34952 tests ran.
PASSED: 34952 test cases.


Fuzzing session completed: unknown_register_29_2023-08-29T11-42-50.759250
Runtime: 0:20:39.772047
Test Summary: 34952 tests ran.
PASSED: 34952 test cases.


Fuzzing session completed: unknown_register_29_2023-08-29T11-42-50.758894
Runtime: 0:20:40.839458
Test Summary: 34952 tests ran.
PASSED: 34952 test cases.


Fuzzing session completed: unknown_register_29_2023-08-29T11-42-50.758895
Runtime: 0:20:42.760881
Test Summary: 34952 tests ran.
PASSED: 34952 test cases.


Fuzzing session completed: unknown_register_29_2023-08-29T11-42-50.758745
Runtime: 0:20:43.605909
Test Summary: 34952 tests ran.
PASSED: 34952 test cases.


Fuzzing session completed: unknown_register_29_2023-08-29T11-42-50.758686
Runtime: 0:20:44.846367
Test Summary: 34952 tests ran.
PASSED: 34952 test cases.


Fuzzing session completed: unknown_register_29_2023-08-29T11-42-50.756151
Runtime: 0:20:45.602782
Test Summary: 34952 tests ran.
PASSED: 34952 test cases.


Fuzzing session completed: unknown_register_29_2023-08-29T11-42-50.755338
Runtime: 0:20:47.162456
Test Summary: 34953 tests ran.
PASSED: 34953 test cases.


Fuzzing session completed: unknown_register_29_2023-08-29T11-42-50.755222
Runtime: 0:20:47.321655
Test Summary: 34953 tests ran.
PASSED: 34953 test cases.


real	20m53,061s
user	60m51,223s
sys	3m16,416s
