Counting test cases...
524287 test cases found

test_cases_per_board: 34952, rest: 7
board: 0, index_start: 1, index_end: 34953, openocd_port: 6666, openocd_bus_port: 3-1.3.4
board: 1, index_start: 34953, index_end: 69905, openocd_port: 6667, openocd_bus_port: 3-1.4.3
board: 2, index_start: 69905, index_end: 104857, openocd_port: 6668, openocd_bus_port: 3-1.2.4
board: 3, index_start: 104857, index_end: 139809, openocd_port: 6669, openocd_bus_port: 3-1.3.3
board: 4, index_start: 139809, index_end: 174761, openocd_port: 6670, openocd_bus_port: 3-1.4.2
board: 5, index_start: 174761, index_end: 209713, openocd_port: 6671, openocd_bus_port: 3-1.1.4
board: 6, index_start: 209713, index_end: 244665, openocd_port: 6672, openocd_bus_port: 3-1.2.3
board: 7, index_start: 244665, index_end: 279616, openocd_port: 6673, openocd_bus_port: 3-1.3.2
board: 8, index_start: 279617, index_end: 314568, openocd_port: 6674, openocd_bus_port: 3-1.4.1
board: 9, index_start: 314569, index_end: 349520, openocd_port: 6675, openocd_bus_port: 3-1.1.3
board: 10, index_start: 349521, index_end: 384472, openocd_port: 6676, openocd_bus_port: 3-1.2.2
board: 11, index_start: 384473, index_end: 419424, openocd_port: 6677, openocd_bus_port: 3-1.3.1
board: 12, index_start: 419425, index_end: 454376, openocd_port: 6678, openocd_bus_port: 3-1.1.2
board: 13, index_start: 454377, index_end: 489328, openocd_port: 6679, openocd_bus_port: 3-1.2.1
board: 14, index_start: 489329, index_end: 524280, openocd_port: 6680, openocd_bus_port: 3-1.1.1

Fuzzing session completed: unknown_register_19_2023-08-29T10-03-24.930843
Runtime: 0:20:46.828791
Test Summary: 34953 tests ran.
PASSED: 34953 test cases.


Fuzzing session completed: unknown_register_19_2023-08-29T10-03-24.930991
Runtime: 0:20:49.180713
Test Summary: 34953 tests ran.
PASSED: 34953 test cases.


Fuzzing session completed: unknown_register_19_2023-08-29T10-03-24.930967
Runtime: 0:20:49.377554
Test Summary: 34953 tests ran.
PASSED: 34953 test cases.


Fuzzing session completed: unknown_register_19_2023-08-29T10-03-24.930895
Runtime: 0:20:50.692044
Test Summary: 34953 tests ran.
PASSED: 34953 test cases.


Fuzzing session completed: unknown_register_19_2023-08-29T10-03-24.931035
Runtime: 0:20:51.509245
Test Summary: 34953 tests ran.
PASSED: 34953 test cases.


Fuzzing session completed: unknown_register_19_2023-08-29T10-03-24.935190
Runtime: 0:20:56.433430
Test Summary: 34952 tests ran.
PASSED: 34952 test cases.


Fuzzing session completed: unknown_register_19_2023-08-29T10-03-24.935290
Runtime: 0:20:56.560809
Test Summary: 34952 tests ran.
PASSED: 34952 test cases.


Fuzzing session completed: unknown_register_19_2023-08-29T10-03-24.933826
Runtime: 0:20:59.652429
Test Summary: 34952 tests ran.
PASSED: 34952 test cases.


Fuzzing session completed: unknown_register_19_2023-08-29T10-03-24.935046
Runtime: 0:21:00.038678
Test Summary: 34952 tests ran.
PASSED: 34952 test cases.


Fuzzing session completed: unknown_register_19_2023-08-29T10-03-24.934432
Runtime: 0:21:00.188462
Test Summary: 34952 tests ran.
PASSED: 34952 test cases.


Fuzzing session completed: unknown_register_19_2023-08-29T10-03-24.933843
Runtime: 0:21:02.082994
Test Summary: 34952 tests ran.
PASSED: 34952 test cases.


Fuzzing session completed: unknown_register_19_2023-08-29T10-03-24.931114
Runtime: 0:21:02.841934
Test Summary: 34952 tests ran.
PASSED: 34952 test cases.


Fuzzing session completed: unknown_register_19_2023-08-29T10-03-24.933782
Runtime: 0:21:03.576427
Test Summary: 34952 tests ran.
PASSED: 34952 test cases.


Fuzzing session completed: unknown_register_19_2023-08-29T10-03-24.930962
Runtime: 0:21:04.152703
Test Summary: 34953 tests ran.
PASSED: 34953 test cases.


Fuzzing session completed: unknown_register_19_2023-08-29T10-03-24.931069
Runtime: 0:21:05.658976
Test Summary: 34953 tests ran.
PASSED: 34953 test cases.


real	21m11,520s
user	62m42,531s
sys	3m24,104s
