Counting test cases...
524287 test cases found

test_cases_per_board: 34952, rest: 7
board: 0, index_start: 1, index_end: 34953, openocd_port: 6666, openocd_bus_port: 3-1.3.4
board: 1, index_start: 34953, index_end: 69905, openocd_port: 6667, openocd_bus_port: 3-1.2.4
board: 2, index_start: 69905, index_end: 104857, openocd_port: 6668, openocd_bus_port: 3-1.1.4
board: 3, index_start: 104857, index_end: 139809, openocd_port: 6669, openocd_bus_port: 3-1.3.3
board: 4, index_start: 139809, index_end: 174761, openocd_port: 6670, openocd_bus_port: 3-1.2.3
board: 5, index_start: 174761, index_end: 209713, openocd_port: 6671, openocd_bus_port: 3-1.1.3
board: 6, index_start: 209713, index_end: 244665, openocd_port: 6672, openocd_bus_port: 3-1.4.3
board: 7, index_start: 244665, index_end: 279616, openocd_port: 6673, openocd_bus_port: 3-1.3.2
board: 8, index_start: 279617, index_end: 314568, openocd_port: 6674, openocd_bus_port: 3-1.2.2
board: 9, index_start: 314569, index_end: 349520, openocd_port: 6675, openocd_bus_port: 3-1.1.2
board: 10, index_start: 349521, index_end: 384472, openocd_port: 6676, openocd_bus_port: 3-1.4.2
board: 11, index_start: 384473, index_end: 419424, openocd_port: 6677, openocd_bus_port: 3-1.3.1
board: 12, index_start: 419425, index_end: 454376, openocd_port: 6678, openocd_bus_port: 3-1.2.1
board: 13, index_start: 454377, index_end: 489328, openocd_port: 6679, openocd_bus_port: 3-1.1.1
board: 14, index_start: 489329, index_end: 524280, openocd_port: 6680, openocd_bus_port: 3-1.4.1

Fuzzing session completed: unknown_register_21_2023-08-22T15-03-50.061695
Runtime: 0:18:56.157655
Test Summary: 34952 tests ran.
PASSED: 34952 test cases.


Fuzzing session completed: unknown_register_21_2023-08-22T15-03-50.062979
Runtime: 0:18:57.557647
Test Summary: 34952 tests ran.
PASSED: 34952 test cases.


Fuzzing session completed: unknown_register_21_2023-08-22T15-03-50.061103
Runtime: 0:19:00.184542
Test Summary: 34952 tests ran.
PASSED: 34952 test cases.


Fuzzing session completed: unknown_register_21_2023-08-22T15-03-50.061407
Runtime: 0:19:01.383010
Test Summary: 34952 tests ran.
PASSED: 34952 test cases.


Fuzzing session completed: unknown_register_21_2023-08-22T15-03-50.061141
Runtime: 0:19:02.004923
Test Summary: 34952 tests ran.
PASSED: 34952 test cases.


Fuzzing session completed: unknown_register_21_2023-08-22T15-03-50.061102
Runtime: 0:19:04.760252
Test Summary: 34952 tests ran.
PASSED: 34952 test cases.


Fuzzing session completed: unknown_register_21_2023-08-22T15-03-50.057977
Runtime: 0:19:05.588259
Test Summary: 34952 tests ran.
PASSED: 34952 test cases.


Fuzzing session completed: unknown_register_21_2023-08-22T15-03-50.061083
Runtime: 0:19:05.860080
Test Summary: 34952 tests ran.
PASSED: 34952 test cases.


Fuzzing session completed: unknown_register_21_2023-08-22T15-03-50.058592
Runtime: 0:19:08.061753
Test Summary: 34953 tests ran.
PASSED: 34953 test cases.


Fuzzing session completed: unknown_register_21_2023-08-22T15-03-50.057895
Runtime: 0:19:08.731611
Test Summary: 34953 tests ran.
PASSED: 34953 test cases.


Fuzzing session completed: unknown_register_21_2023-08-22T15-03-50.057679
Runtime: 0:19:10.017312
Test Summary: 34953 tests ran.
PASSED: 34953 test cases.


Fuzzing session completed: unknown_register_21_2023-08-22T15-03-50.057682
Runtime: 0:19:11.239186
Test Summary: 34953 tests ran.
PASSED: 34953 test cases.


Fuzzing session completed: unknown_register_21_2023-08-22T15-03-50.057457
Runtime: 0:19:12.808780
Test Summary: 34953 tests ran.
PASSED: 34953 test cases.


Fuzzing session completed: unknown_register_21_2023-08-22T15-03-50.057437
Runtime: 0:19:13.396810
Test Summary: 34953 tests ran.
PASSED: 34953 test cases.


Fuzzing session completed: unknown_register_21_2023-08-22T15-03-50.057435
Runtime: 0:19:15.013220
Test Summary: 34953 tests ran.
PASSED: 34953 test cases.


real	19m20,838s
user	51m15,683s
sys	2m44,344s
