
Fuzzing session completed: unknown_register_23_2023-09-01T11-13-31.699386
Runtime: 0:03:45.372096
Test Summary: 9309 tests ran.
PASSED: 9309 test cases.
FAILED: 84 test cases:
1: unknown_register_23_request:[unknown_register_23_request.fuzzed_unknown_register_23_value:0]
2: unknown_register_23_request:[unknown_register_23_request.fuzzed_unknown_register_23_value:1]
3: unknown_register_23_request:[unknown_register_23_request.fuzzed_unknown_register_23_value:2]
4: unknown_register_23_request:[unknown_register_23_request.fuzzed_unknown_register_23_value:3]
5: unknown_register_23_request:[unknown_register_23_request.fuzzed_unknown_register_23_value:4]
6: unknown_register_23_request:[unknown_register_23_request.fuzzed_unknown_register_23_value:5]
7: unknown_register_23_request:[unknown_register_23_request.fuzzed_unknown_register_23_value:6]
8: unknown_register_23_request:[unknown_register_23_request.fuzzed_unknown_register_23_value:7]
9: unknown_register_23_request:[unknown_register_23_request.fuzzed_unknown_register_23_value:8]
10: unknown_register_23_request:[unknown_register_23_request.fuzzed_unknown_register_23_value:9]
11: unknown_register_23_request:[unknown_register_23_request.fuzzed_unknown_register_23_value:10]
12: unknown_register_23_request:[unknown_register_23_request.fuzzed_unknown_register_23_value:11]
13: unknown_register_23_request:[unknown_register_23_request.fuzzed_unknown_register_23_value:12]
14: unknown_register_23_request:[unknown_register_23_request.fuzzed_unknown_register_23_value:13]
15: unknown_register_23_request:[unknown_register_23_request.fuzzed_unknown_register_23_value:14]
16: unknown_register_23_request:[unknown_register_23_request.fuzzed_unknown_register_23_value:15]
17: unknown_register_23_request:[unknown_register_23_request.fuzzed_unknown_register_23_value:16]
18: unknown_register_23_request:[unknown_register_23_request.fuzzed_unknown_register_23_value:17]
21: unknown_register_23_request:[unknown_register_23_request.fuzzed_unknown_register_23_value:20]
22: unknown_register_23_request:[unknown_register_23_request.fuzzed_unknown_register_23_value:21]
25: unknown_register_23_request:[unknown_register_23_request.fuzzed_unknown_register_23_value:24]
26: unknown_register_23_request:[unknown_register_23_request.fuzzed_unknown_register_23_value:25]
29: unknown_register_23_request:[unknown_register_23_request.fuzzed_unknown_register_23_value:28]
30: unknown_register_23_request:[unknown_register_23_request.fuzzed_unknown_register_23_value:29]
32: unknown_register_23_request:[unknown_register_23_request.fuzzed_unknown_register_23_value:31]
33: unknown_register_23_request:[unknown_register_23_request.fuzzed_unknown_register_23_value:32]
34: unknown_register_23_request:[unknown_register_23_request.fuzzed_unknown_register_23_value:33]
35: unknown_register_23_request:[unknown_register_23_request.fuzzed_unknown_register_23_value:34]
36: unknown_register_23_request:[unknown_register_23_request.fuzzed_unknown_register_23_value:35]
37: unknown_register_23_request:[unknown_register_23_request.fuzzed_unknown_register_23_value:36]
38: unknown_register_23_request:[unknown_register_23_request.fuzzed_unknown_register_23_value:37]
39: unknown_register_23_request:[unknown_register_23_request.fuzzed_unknown_register_23_value:38]
40: unknown_register_23_request:[unknown_register_23_request.fuzzed_unknown_register_23_value:39]
41: unknown_register_23_request:[unknown_register_23_request.fuzzed_unknown_register_23_value:40]
42: unknown_register_23_request:[unknown_register_23_request.fuzzed_unknown_register_23_value:41]
43: unknown_register_23_request:[unknown_register_23_request.fuzzed_unknown_register_23_value:42]
44: unknown_register_23_request:[unknown_register_23_request.fuzzed_unknown_register_23_value:43]
45: unknown_register_23_request:[unknown_register_23_request.fuzzed_unknown_register_23_value:44]
46: unknown_register_23_request:[unknown_register_23_request.fuzzed_unknown_register_23_value:45]
47: unknown_register_23_request:[unknown_register_23_request.fuzzed_unknown_register_23_value:46]
48: unknown_register_23_request:[unknown_register_23_request.fuzzed_unknown_register_23_value:47]
49: unknown_register_23_request:[unknown_register_23_request.fuzzed_unknown_register_23_value:48]
50: unknown_register_23_request:[unknown_register_23_request.fuzzed_unknown_register_23_value:49]
51: unknown_register_23_request:[unknown_register_23_request.fuzzed_unknown_register_23_value:50]
52: unknown_register_23_request:[unknown_register_23_request.fuzzed_unknown_register_23_value:51]
53: unknown_register_23_request:[unknown_register_23_request.fuzzed_unknown_register_23_value:52]
54: unknown_register_23_request:[unknown_register_23_request.fuzzed_unknown_register_23_value:53]
55: unknown_register_23_request:[unknown_register_23_request.fuzzed_unknown_register_23_value:54]
56: unknown_register_23_request:[unknown_register_23_request.fuzzed_unknown_register_23_value:55]
57: unknown_register_23_request:[unknown_register_23_request.fuzzed_unknown_register_23_value:56]
58: unknown_register_23_request:[unknown_register_23_request.fuzzed_unknown_register_23_value:57]
59: unknown_register_23_request:[unknown_register_23_request.fuzzed_unknown_register_23_value:58]
60: unknown_register_23_request:[unknown_register_23_request.fuzzed_unknown_register_23_value:59]
61: unknown_register_23_request:[unknown_register_23_request.fuzzed_unknown_register_23_value:60]
62: unknown_register_23_request:[unknown_register_23_request.fuzzed_unknown_register_23_value:61]
63: unknown_register_23_request:[unknown_register_23_request.fuzzed_unknown_register_23_value:62]
64: unknown_register_23_request:[unknown_register_23_request.fuzzed_unknown_register_23_value:63]
65: unknown_register_23_request:[unknown_register_23_request.fuzzed_unknown_register_23_value:64]
66: unknown_register_23_request:[unknown_register_23_request.fuzzed_unknown_register_23_value:65]
67: unknown_register_23_request:[unknown_register_23_request.fuzzed_unknown_register_23_value:66]
68: unknown_register_23_request:[unknown_register_23_request.fuzzed_unknown_register_23_value:67]
69: unknown_register_23_request:[unknown_register_23_request.fuzzed_unknown_register_23_value:68]
70: unknown_register_23_request:[unknown_register_23_request.fuzzed_unknown_register_23_value:69]
71: unknown_register_23_request:[unknown_register_23_request.fuzzed_unknown_register_23_value:70]
72: unknown_register_23_request:[unknown_register_23_request.fuzzed_unknown_register_23_value:71]
73: unknown_register_23_request:[unknown_register_23_request.fuzzed_unknown_register_23_value:72]
74: unknown_register_23_request:[unknown_register_23_request.fuzzed_unknown_register_23_value:73]
75: unknown_register_23_request:[unknown_register_23_request.fuzzed_unknown_register_23_value:74]
76: unknown_register_23_request:[unknown_register_23_request.fuzzed_unknown_register_23_value:75]
77: unknown_register_23_request:[unknown_register_23_request.fuzzed_unknown_register_23_value:76]
78: unknown_register_23_request:[unknown_register_23_request.fuzzed_unknown_register_23_value:77]
79: unknown_register_23_request:[unknown_register_23_request.fuzzed_unknown_register_23_value:78]
80: unknown_register_23_request:[unknown_register_23_request.fuzzed_unknown_register_23_value:79]
81: unknown_register_23_request:[unknown_register_23_request.fuzzed_unknown_register_23_value:80]
82: unknown_register_23_request:[unknown_register_23_request.fuzzed_unknown_register_23_value:81]
83: unknown_register_23_request:[unknown_register_23_request.fuzzed_unknown_register_23_value:82]
84: unknown_register_23_request:[unknown_register_23_request.fuzzed_unknown_register_23_value:83]
85: unknown_register_23_request:[unknown_register_23_request.fuzzed_unknown_register_23_value:84]
86: unknown_register_23_request:[unknown_register_23_request.fuzzed_unknown_register_23_value:85]
87: unknown_register_23_request:[unknown_register_23_request.fuzzed_unknown_register_23_value:86]
88: unknown_register_23_request:[unknown_register_23_request.fuzzed_unknown_register_23_value:87]
90: unknown_register_23_request:[unknown_register_23_request.fuzzed_unknown_register_23_value:89]
92: unknown_register_23_request:[unknown_register_23_request.fuzzed_unknown_register_23_value:91]
94: unknown_register_23_request:[unknown_register_23_request.fuzzed_unknown_register_23_value:93]


real	3m45,670s
user	1m5,050s
sys	0m18,335s
