## gamma_0

Fuzzing session completed: starbleed_2024-01-07T18-03-16.671963
index_start: 1, index_end: None, openocd_port: 6666, openocd_bus_port: None
Runtime: 19:46:56.909723
Test Summary: 2097152 tests ran.
PASSED: 2097152 test cases.



real	1186m57,211s
user	352m42,656s
sys	135m33,361s


## beta_8

Fuzzing session completed: starbleed_2024-01-06T09-57-04.645938
index_start: 1, index_end: None, openocd_port: 6666, openocd_bus_port: None
Runtime: 19:47:42.604965
Test Summary: 2097152 tests ran.
PASSED: 2097152 test cases.



real	1187m42,901s
user	355m18,293s
sys	135m16,860s


## beta_9 - gamma_1

Fuzzing session completed: starbleed_2024-01-09T09-33-39.865389
index_start: 1, index_end: None, openocd_port: 6666, openocd_bus_port: None
Runtime: 5 days, 20:04:45.326871
Test Summary: 14680058 tests ran.
PASSED: 14680058 test cases.



real	8404m45,630s
user	2457m52,495s
sys	930m12,152s


## beta_15

Fuzzing session completed: starbleed_2024-01-05T14-13-31.944117
index_start: 1, index_end: None, openocd_port: 6666, openocd_bus_port: None
Runtime: 11:45:49.003409
Test Summary: 1245312 tests ran.
PASSED: 1245312 test cases.
FAILED: 128 test cases:
1245185: starbleed_request:[starbleed_request.starbleed_bitstream:1245184]
1245186: starbleed_request:[starbleed_request.starbleed_bitstream:1245185]
1245187: starbleed_request:[starbleed_request.starbleed_bitstream:1245186]
1245188: starbleed_request:[starbleed_request.starbleed_bitstream:1245187]
1245189: starbleed_request:[starbleed_request.starbleed_bitstream:1245188]
1245190: starbleed_request:[starbleed_request.starbleed_bitstream:1245189]
1245191: starbleed_request:[starbleed_request.starbleed_bitstream:1245190]
1245192: starbleed_request:[starbleed_request.starbleed_bitstream:1245191]
1245193: starbleed_request:[starbleed_request.starbleed_bitstream:1245192]
1245194: starbleed_request:[starbleed_request.starbleed_bitstream:1245193]
1245195: starbleed_request:[starbleed_request.starbleed_bitstream:1245194]
1245196: starbleed_request:[starbleed_request.starbleed_bitstream:1245195]
1245197: starbleed_request:[starbleed_request.starbleed_bitstream:1245196]
1245198: starbleed_request:[starbleed_request.starbleed_bitstream:1245197]
1245199: starbleed_request:[starbleed_request.starbleed_bitstream:1245198]
1245200: starbleed_request:[starbleed_request.starbleed_bitstream:1245199]
1245201: starbleed_request:[starbleed_request.starbleed_bitstream:1245200]
1245202: starbleed_request:[starbleed_request.starbleed_bitstream:1245201]
1245203: starbleed_request:[starbleed_request.starbleed_bitstream:1245202]
1245204: starbleed_request:[starbleed_request.starbleed_bitstream:1245203]
1245205: starbleed_request:[starbleed_request.starbleed_bitstream:1245204]
1245206: starbleed_request:[starbleed_request.starbleed_bitstream:1245205]
1245207: starbleed_request:[starbleed_request.starbleed_bitstream:1245206]
1245208: starbleed_request:[starbleed_request.starbleed_bitstream:1245207]
1245209: starbleed_request:[starbleed_request.starbleed_bitstream:1245208]
1245210: starbleed_request:[starbleed_request.starbleed_bitstream:1245209]
1245211: starbleed_request:[starbleed_request.starbleed_bitstream:1245210]
1245212: starbleed_request:[starbleed_request.starbleed_bitstream:1245211]
1245213: starbleed_request:[starbleed_request.starbleed_bitstream:1245212]
1245214: starbleed_request:[starbleed_request.starbleed_bitstream:1245213]
1245215: starbleed_request:[starbleed_request.starbleed_bitstream:1245214]
1245216: starbleed_request:[starbleed_request.starbleed_bitstream:1245215]
1245217: starbleed_request:[starbleed_request.starbleed_bitstream:1245216]
1245218: starbleed_request:[starbleed_request.starbleed_bitstream:1245217]
1245219: starbleed_request:[starbleed_request.starbleed_bitstream:1245218]
1245220: starbleed_request:[starbleed_request.starbleed_bitstream:1245219]
1245221: starbleed_request:[starbleed_request.starbleed_bitstream:1245220]
1245222: starbleed_request:[starbleed_request.starbleed_bitstream:1245221]
1245223: starbleed_request:[starbleed_request.starbleed_bitstream:1245222]
1245224: starbleed_request:[starbleed_request.starbleed_bitstream:1245223]
1245225: starbleed_request:[starbleed_request.starbleed_bitstream:1245224]
1245226: starbleed_request:[starbleed_request.starbleed_bitstream:1245225]
1245227: starbleed_request:[starbleed_request.starbleed_bitstream:1245226]
1245228: starbleed_request:[starbleed_request.starbleed_bitstream:1245227]
1245229: starbleed_request:[starbleed_request.starbleed_bitstream:1245228]
1245230: starbleed_request:[starbleed_request.starbleed_bitstream:1245229]
1245231: starbleed_request:[starbleed_request.starbleed_bitstream:1245230]
1245232: starbleed_request:[starbleed_request.starbleed_bitstream:1245231]
1245233: starbleed_request:[starbleed_request.starbleed_bitstream:1245232]
1245234: starbleed_request:[starbleed_request.starbleed_bitstream:1245233]
1245235: starbleed_request:[starbleed_request.starbleed_bitstream:1245234]
1245236: starbleed_request:[starbleed_request.starbleed_bitstream:1245235]
1245237: starbleed_request:[starbleed_request.starbleed_bitstream:1245236]
1245238: starbleed_request:[starbleed_request.starbleed_bitstream:1245237]
1245239: starbleed_request:[starbleed_request.starbleed_bitstream:1245238]
1245240: starbleed_request:[starbleed_request.starbleed_bitstream:1245239]
1245241: starbleed_request:[starbleed_request.starbleed_bitstream:1245240]
1245242: starbleed_request:[starbleed_request.starbleed_bitstream:1245241]
1245243: starbleed_request:[starbleed_request.starbleed_bitstream:1245242]
1245244: starbleed_request:[starbleed_request.starbleed_bitstream:1245243]
1245245: starbleed_request:[starbleed_request.starbleed_bitstream:1245244]
1245246: starbleed_request:[starbleed_request.starbleed_bitstream:1245245]
1245247: starbleed_request:[starbleed_request.starbleed_bitstream:1245246]
1245248: starbleed_request:[starbleed_request.starbleed_bitstream:1245247]
1245249: starbleed_request:[starbleed_request.starbleed_bitstream:1245248]
1245250: starbleed_request:[starbleed_request.starbleed_bitstream:1245249]
1245251: starbleed_request:[starbleed_request.starbleed_bitstream:1245250]
1245252: starbleed_request:[starbleed_request.starbleed_bitstream:1245251]
1245253: starbleed_request:[starbleed_request.starbleed_bitstream:1245252]
1245254: starbleed_request:[starbleed_request.starbleed_bitstream:1245253]
1245255: starbleed_request:[starbleed_request.starbleed_bitstream:1245254]
1245256: starbleed_request:[starbleed_request.starbleed_bitstream:1245255]
1245257: starbleed_request:[starbleed_request.starbleed_bitstream:1245256]
1245258: starbleed_request:[starbleed_request.starbleed_bitstream:1245257]
1245259: starbleed_request:[starbleed_request.starbleed_bitstream:1245258]
1245260: starbleed_request:[starbleed_request.starbleed_bitstream:1245259]
1245261: starbleed_request:[starbleed_request.starbleed_bitstream:1245260]
1245262: starbleed_request:[starbleed_request.starbleed_bitstream:1245261]
1245263: starbleed_request:[starbleed_request.starbleed_bitstream:1245262]
1245264: starbleed_request:[starbleed_request.starbleed_bitstream:1245263]
1245265: starbleed_request:[starbleed_request.starbleed_bitstream:1245264]
1245266: starbleed_request:[starbleed_request.starbleed_bitstream:1245265]
1245267: starbleed_request:[starbleed_request.starbleed_bitstream:1245266]
1245268: starbleed_request:[starbleed_request.starbleed_bitstream:1245267]
1245269: starbleed_request:[starbleed_request.starbleed_bitstream:1245268]
1245270: starbleed_request:[starbleed_request.starbleed_bitstream:1245269]
1245271: starbleed_request:[starbleed_request.starbleed_bitstream:1245270]
1245272: starbleed_request:[starbleed_request.starbleed_bitstream:1245271]
1245273: starbleed_request:[starbleed_request.starbleed_bitstream:1245272]
1245274: starbleed_request:[starbleed_request.starbleed_bitstream:1245273]
1245275: starbleed_request:[starbleed_request.starbleed_bitstream:1245274]
1245276: starbleed_request:[starbleed_request.starbleed_bitstream:1245275]
1245277: starbleed_request:[starbleed_request.starbleed_bitstream:1245276]
1245278: starbleed_request:[starbleed_request.starbleed_bitstream:1245277]
1245279: starbleed_request:[starbleed_request.starbleed_bitstream:1245278]
1245280: starbleed_request:[starbleed_request.starbleed_bitstream:1245279]
1245281: starbleed_request:[starbleed_request.starbleed_bitstream:1245280]
1245282: starbleed_request:[starbleed_request.starbleed_bitstream:1245281]
1245283: starbleed_request:[starbleed_request.starbleed_bitstream:1245282]
1245284: starbleed_request:[starbleed_request.starbleed_bitstream:1245283]
1245285: starbleed_request:[starbleed_request.starbleed_bitstream:1245284]
1245286: starbleed_request:[starbleed_request.starbleed_bitstream:1245285]
1245287: starbleed_request:[starbleed_request.starbleed_bitstream:1245286]
1245288: starbleed_request:[starbleed_request.starbleed_bitstream:1245287]
1245289: starbleed_request:[starbleed_request.starbleed_bitstream:1245288]
1245290: starbleed_request:[starbleed_request.starbleed_bitstream:1245289]
1245291: starbleed_request:[starbleed_request.starbleed_bitstream:1245290]
1245292: starbleed_request:[starbleed_request.starbleed_bitstream:1245291]
1245293: starbleed_request:[starbleed_request.starbleed_bitstream:1245292]
1245294: starbleed_request:[starbleed_request.starbleed_bitstream:1245293]
1245295: starbleed_request:[starbleed_request.starbleed_bitstream:1245294]
1245296: starbleed_request:[starbleed_request.starbleed_bitstream:1245295]
1245297: starbleed_request:[starbleed_request.starbleed_bitstream:1245296]
1245298: starbleed_request:[starbleed_request.starbleed_bitstream:1245297]
1245299: starbleed_request:[starbleed_request.starbleed_bitstream:1245298]
1245300: starbleed_request:[starbleed_request.starbleed_bitstream:1245299]
1245301: starbleed_request:[starbleed_request.starbleed_bitstream:1245300]
1245302: starbleed_request:[starbleed_request.starbleed_bitstream:1245301]
1245303: starbleed_request:[starbleed_request.starbleed_bitstream:1245302]
1245304: starbleed_request:[starbleed_request.starbleed_bitstream:1245303]
1245305: starbleed_request:[starbleed_request.starbleed_bitstream:1245304]
1245306: starbleed_request:[starbleed_request.starbleed_bitstream:1245305]
1245307: starbleed_request:[starbleed_request.starbleed_bitstream:1245306]
1245308: starbleed_request:[starbleed_request.starbleed_bitstream:1245307]
1245309: starbleed_request:[starbleed_request.starbleed_bitstream:1245308]
1245310: starbleed_request:[starbleed_request.starbleed_bitstream:1245309]
1245311: starbleed_request:[starbleed_request.starbleed_bitstream:1245310]
1245312: starbleed_request:[starbleed_request.starbleed_bitstream:1245311]



real	705m49,303s
user	211m47,736s
sys	79m44,426s
